{"numTotalTestSuites":30,"numPassedTestSuites":20,"numFailedTestSuites":10,"numPendingTestSuites":0,"numTotalTests":48,"numPassedTests":38,"numFailedTests":10,"numPendingTests":0,"numTodoTests":0,"snapshot":{"added":0,"failure":false,"filesAdded":0,"filesRemoved":0,"filesRemovedList":[],"filesUnmatched":0,"filesUpdated":0,"matched":2,"total":2,"unchecked":0,"uncheckedKeysByFile":[],"unmatched":0,"updated":0,"didUpdate":false},"startTime":1765080470583,"success":false,"testResults":[{"assertionResults":[{"ancestorTitles":["App (render básico)"],"fullName":"App (render básico) renderiza Body y Footer dentro de App","status":"failed","title":"renderiza Body y Footer dentro de App","duration":35.52149999999983,"failureMessages":["TypeError: Cannot destructure property 'cart' of '(0 , useContext)(...)' as it is null.\n    at Body (C:\\Users\\cachu\\Desktop\\Duoc\\fullstack-2\\Nueva carpeta\\team_19\\src\\components\\layout\\Body.jsx:17:17)\n    at Object.react_stack_bottom_frame (C:\\Users\\cachu\\Desktop\\Duoc\\fullstack-2\\Nueva carpeta\\team_19\\node_modules\\react-dom\\cjs\\react-dom-client.development.js:23863:20)\n    at renderWithHooks (C:\\Users\\cachu\\Desktop\\Duoc\\fullstack-2\\Nueva carpeta\\team_19\\node_modules\\react-dom\\cjs\\react-dom-client.development.js:5529:22)\n    at updateFunctionComponent (C:\\Users\\cachu\\Desktop\\Duoc\\fullstack-2\\Nueva carpeta\\team_19\\node_modules\\react-dom\\cjs\\react-dom-client.development.js:8897:19)\n    at beginWork (C:\\Users\\cachu\\Desktop\\Duoc\\fullstack-2\\Nueva carpeta\\team_19\\node_modules\\react-dom\\cjs\\react-dom-client.development.js:10522:18)\n    at runWithFiberInDEV (C:\\Users\\cachu\\Desktop\\Duoc\\fullstack-2\\Nueva carpeta\\team_19\\node_modules\\react-dom\\cjs\\react-dom-client.development.js:1522:13)\n    at performUnitOfWork (C:\\Users\\cachu\\Desktop\\Duoc\\fullstack-2\\Nueva carpeta\\team_19\\node_modules\\react-dom\\cjs\\react-dom-client.development.js:15140:22)\n    at workLoopSync (C:\\Users\\cachu\\Desktop\\Duoc\\fullstack-2\\Nueva carpeta\\team_19\\node_modules\\react-dom\\cjs\\react-dom-client.development.js:14956:41)\n    at renderRootSync (C:\\Users\\cachu\\Desktop\\Duoc\\fullstack-2\\Nueva carpeta\\team_19\\node_modules\\react-dom\\cjs\\react-dom-client.development.js:14936:11)\n    at performWorkOnRoot (C:\\Users\\cachu\\Desktop\\Duoc\\fullstack-2\\Nueva carpeta\\team_19\\node_modules\\react-dom\\cjs\\react-dom-client.development.js:14462:44)"],"meta":{}}],"startTime":1765080478274,"endTime":1765080478309.5215,"status":"failed","message":"","name":"C:/Users/cachu/Desktop/Duoc/fullstack-2/Nueva carpeta/team_19/tests/App.spec.jsx"},{"assertionResults":[{"ancestorTitles":["Body (funcional)"],"fullName":"Body (funcional) agrega producto al carrito, procede a pago y muestra éxito","status":"failed","title":"agrega producto al carrito, procede a pago y muestra éxito","duration":27.590000000000146,"failureMessages":["TypeError: Cannot destructure property 'cart' of '(0 , useContext)(...)' as it is null.\n    at Body (C:\\Users\\cachu\\Desktop\\Duoc\\fullstack-2\\Nueva carpeta\\team_19\\src\\components\\layout\\Body.jsx:17:17)\n    at Object.react_stack_bottom_frame (C:\\Users\\cachu\\Desktop\\Duoc\\fullstack-2\\Nueva carpeta\\team_19\\node_modules\\react-dom\\cjs\\react-dom-client.development.js:23863:20)\n    at renderWithHooks (C:\\Users\\cachu\\Desktop\\Duoc\\fullstack-2\\Nueva carpeta\\team_19\\node_modules\\react-dom\\cjs\\react-dom-client.development.js:5529:22)\n    at updateFunctionComponent (C:\\Users\\cachu\\Desktop\\Duoc\\fullstack-2\\Nueva carpeta\\team_19\\node_modules\\react-dom\\cjs\\react-dom-client.development.js:8897:19)\n    at beginWork (C:\\Users\\cachu\\Desktop\\Duoc\\fullstack-2\\Nueva carpeta\\team_19\\node_modules\\react-dom\\cjs\\react-dom-client.development.js:10522:18)\n    at runWithFiberInDEV (C:\\Users\\cachu\\Desktop\\Duoc\\fullstack-2\\Nueva carpeta\\team_19\\node_modules\\react-dom\\cjs\\react-dom-client.development.js:1522:13)\n    at performUnitOfWork (C:\\Users\\cachu\\Desktop\\Duoc\\fullstack-2\\Nueva carpeta\\team_19\\node_modules\\react-dom\\cjs\\react-dom-client.development.js:15140:22)\n    at workLoopSync (C:\\Users\\cachu\\Desktop\\Duoc\\fullstack-2\\Nueva carpeta\\team_19\\node_modules\\react-dom\\cjs\\react-dom-client.development.js:14956:41)\n    at renderRootSync (C:\\Users\\cachu\\Desktop\\Duoc\\fullstack-2\\Nueva carpeta\\team_19\\node_modules\\react-dom\\cjs\\react-dom-client.development.js:14936:11)\n    at performWorkOnRoot (C:\\Users\\cachu\\Desktop\\Duoc\\fullstack-2\\Nueva carpeta\\team_19\\node_modules\\react-dom\\cjs\\react-dom-client.development.js:14462:44)"],"meta":{}}],"startTime":1765080478262,"endTime":1765080478289.59,"status":"failed","message":"","name":"C:/Users/cachu/Desktop/Duoc/fullstack-2/Nueva carpeta/team_19/tests/components/Body.spec.jsx"},{"assertionResults":[{"ancestorTitles":["Footer"],"fullName":"Footer renderiza copyright y texto","status":"passed","title":"renderiza copyright y texto","duration":39.11999999999989,"failureMessages":[],"meta":{}}],"startTime":1765080476282,"endTime":1765080476321.12,"status":"passed","message":"","name":"C:/Users/cachu/Desktop/Duoc/fullstack-2/Nueva carpeta/team_19/tests/components/Footer.spec.jsx"},{"assertionResults":[{"ancestorTitles":["Header"],"fullName":"Header muestra el título y el logo (alt)","status":"passed","title":"muestra el título y el logo (alt)","duration":47.952000000000226,"failureMessages":[],"meta":{}},{"ancestorTitles":["Header"],"fullName":"Header popups de registro/login no están visibles por defecto","status":"passed","title":"popups de registro/login no están visibles por defecto","duration":11.702999999999975,"failureMessages":[],"meta":{}}],"startTime":1765080476281,"endTime":1765080476340.703,"status":"passed","message":"","name":"C:/Users/cachu/Desktop/Duoc/fullstack-2/Nueva carpeta/team_19/tests/components/Header.spec.jsx"},{"assertionResults":[{"ancestorTitles":["Lateral"],"fullName":"Lateral renderiza texto Lateral","status":"passed","title":"renderiza texto Lateral","duration":48.45550000000003,"failureMessages":[],"meta":{}}],"startTime":1765080476305,"endTime":1765080476353.4556,"status":"passed","message":"","name":"C:/Users/cachu/Desktop/Duoc/fullstack-2/Nueva carpeta/team_19/tests/components/Lateral.spec.jsx"},{"assertionResults":[{"ancestorTitles":["Nav"],"fullName":"Nav buscador llama a onSearch cuando se escribe","status":"failed","title":"buscador llama a onSearch cuando se escribe","duration":36.748099999999795,"failureMessages":["Error: useAuth debe usarse dentro de AuthProvider\n    at useAuth (C:\\Users\\cachu\\Desktop\\Duoc\\fullstack-2\\Nueva carpeta\\team_19\\src\\context\\AuthContext.jsx:142:11)\n    at Nav (C:\\Users\\cachu\\Desktop\\Duoc\\fullstack-2\\Nueva carpeta\\team_19\\src\\components\\layout\\Nav.jsx:9:28)\n    at Object.react_stack_bottom_frame (C:\\Users\\cachu\\Desktop\\Duoc\\fullstack-2\\Nueva carpeta\\team_19\\node_modules\\react-dom\\cjs\\react-dom-client.development.js:23863:20)\n    at renderWithHooks (C:\\Users\\cachu\\Desktop\\Duoc\\fullstack-2\\Nueva carpeta\\team_19\\node_modules\\react-dom\\cjs\\react-dom-client.development.js:5529:22)\n    at updateFunctionComponent (C:\\Users\\cachu\\Desktop\\Duoc\\fullstack-2\\Nueva carpeta\\team_19\\node_modules\\react-dom\\cjs\\react-dom-client.development.js:8897:19)\n    at beginWork (C:\\Users\\cachu\\Desktop\\Duoc\\fullstack-2\\Nueva carpeta\\team_19\\node_modules\\react-dom\\cjs\\react-dom-client.development.js:10522:18)\n    at runWithFiberInDEV (C:\\Users\\cachu\\Desktop\\Duoc\\fullstack-2\\Nueva carpeta\\team_19\\node_modules\\react-dom\\cjs\\react-dom-client.development.js:1522:13)\n    at performUnitOfWork (C:\\Users\\cachu\\Desktop\\Duoc\\fullstack-2\\Nueva carpeta\\team_19\\node_modules\\react-dom\\cjs\\react-dom-client.development.js:15140:22)\n    at workLoopSync (C:\\Users\\cachu\\Desktop\\Duoc\\fullstack-2\\Nueva carpeta\\team_19\\node_modules\\react-dom\\cjs\\react-dom-client.development.js:14956:41)\n    at renderRootSync (C:\\Users\\cachu\\Desktop\\Duoc\\fullstack-2\\Nueva carpeta\\team_19\\node_modules\\react-dom\\cjs\\react-dom-client.development.js:14936:11)"],"meta":{}},{"ancestorTitles":["Nav"],"fullName":"Nav registro guarda usuario en localStorage y cierra popup","status":"failed","title":"registro guarda usuario en localStorage y cierra popup","duration":5.869799999999941,"failureMessages":["Error: useAuth debe usarse dentro de AuthProvider\n    at useAuth (C:\\Users\\cachu\\Desktop\\Duoc\\fullstack-2\\Nueva carpeta\\team_19\\src\\context\\AuthContext.jsx:142:11)\n    at Nav (C:\\Users\\cachu\\Desktop\\Duoc\\fullstack-2\\Nueva carpeta\\team_19\\src\\components\\layout\\Nav.jsx:9:28)\n    at Object.react_stack_bottom_frame (C:\\Users\\cachu\\Desktop\\Duoc\\fullstack-2\\Nueva carpeta\\team_19\\node_modules\\react-dom\\cjs\\react-dom-client.development.js:23863:20)\n    at renderWithHooks (C:\\Users\\cachu\\Desktop\\Duoc\\fullstack-2\\Nueva carpeta\\team_19\\node_modules\\react-dom\\cjs\\react-dom-client.development.js:5529:22)\n    at updateFunctionComponent (C:\\Users\\cachu\\Desktop\\Duoc\\fullstack-2\\Nueva carpeta\\team_19\\node_modules\\react-dom\\cjs\\react-dom-client.development.js:8897:19)\n    at beginWork (C:\\Users\\cachu\\Desktop\\Duoc\\fullstack-2\\Nueva carpeta\\team_19\\node_modules\\react-dom\\cjs\\react-dom-client.development.js:10522:18)\n    at runWithFiberInDEV (C:\\Users\\cachu\\Desktop\\Duoc\\fullstack-2\\Nueva carpeta\\team_19\\node_modules\\react-dom\\cjs\\react-dom-client.development.js:1522:13)\n    at performUnitOfWork (C:\\Users\\cachu\\Desktop\\Duoc\\fullstack-2\\Nueva carpeta\\team_19\\node_modules\\react-dom\\cjs\\react-dom-client.development.js:15140:22)\n    at workLoopSync (C:\\Users\\cachu\\Desktop\\Duoc\\fullstack-2\\Nueva carpeta\\team_19\\node_modules\\react-dom\\cjs\\react-dom-client.development.js:14956:41)\n    at renderRootSync (C:\\Users\\cachu\\Desktop\\Duoc\\fullstack-2\\Nueva carpeta\\team_19\\node_modules\\react-dom\\cjs\\react-dom-client.development.js:14936:11)"],"meta":{}},{"ancestorTitles":["Nav"],"fullName":"Nav login usa onLogin con usuario almacenado","status":"failed","title":"login usa onLogin con usuario almacenado","duration":4.474500000000262,"failureMessages":["Error: useAuth debe usarse dentro de AuthProvider\n    at useAuth (C:\\Users\\cachu\\Desktop\\Duoc\\fullstack-2\\Nueva carpeta\\team_19\\src\\context\\AuthContext.jsx:142:11)\n    at Nav (C:\\Users\\cachu\\Desktop\\Duoc\\fullstack-2\\Nueva carpeta\\team_19\\src\\components\\layout\\Nav.jsx:9:28)\n    at Object.react_stack_bottom_frame (C:\\Users\\cachu\\Desktop\\Duoc\\fullstack-2\\Nueva carpeta\\team_19\\node_modules\\react-dom\\cjs\\react-dom-client.development.js:23863:20)\n    at renderWithHooks (C:\\Users\\cachu\\Desktop\\Duoc\\fullstack-2\\Nueva carpeta\\team_19\\node_modules\\react-dom\\cjs\\react-dom-client.development.js:5529:22)\n    at updateFunctionComponent (C:\\Users\\cachu\\Desktop\\Duoc\\fullstack-2\\Nueva carpeta\\team_19\\node_modules\\react-dom\\cjs\\react-dom-client.development.js:8897:19)\n    at beginWork (C:\\Users\\cachu\\Desktop\\Duoc\\fullstack-2\\Nueva carpeta\\team_19\\node_modules\\react-dom\\cjs\\react-dom-client.development.js:10522:18)\n    at runWithFiberInDEV (C:\\Users\\cachu\\Desktop\\Duoc\\fullstack-2\\Nueva carpeta\\team_19\\node_modules\\react-dom\\cjs\\react-dom-client.development.js:1522:13)\n    at performUnitOfWork (C:\\Users\\cachu\\Desktop\\Duoc\\fullstack-2\\Nueva carpeta\\team_19\\node_modules\\react-dom\\cjs\\react-dom-client.development.js:15140:22)\n    at workLoopSync (C:\\Users\\cachu\\Desktop\\Duoc\\fullstack-2\\Nueva carpeta\\team_19\\node_modules\\react-dom\\cjs\\react-dom-client.development.js:14956:41)\n    at renderRootSync (C:\\Users\\cachu\\Desktop\\Duoc\\fullstack-2\\Nueva carpeta\\team_19\\node_modules\\react-dom\\cjs\\react-dom-client.development.js:14936:11)"],"meta":{}},{"ancestorTitles":["Nav"],"fullName":"Nav login admin fallback funciona y llama onLogin con isAdmin true","status":"failed","title":"login admin fallback funciona y llama onLogin con isAdmin true","duration":4.041400000000067,"failureMessages":["Error: useAuth debe usarse dentro de AuthProvider\n    at useAuth (C:\\Users\\cachu\\Desktop\\Duoc\\fullstack-2\\Nueva carpeta\\team_19\\src\\context\\AuthContext.jsx:142:11)\n    at Nav (C:\\Users\\cachu\\Desktop\\Duoc\\fullstack-2\\Nueva carpeta\\team_19\\src\\components\\layout\\Nav.jsx:9:28)\n    at Object.react_stack_bottom_frame (C:\\Users\\cachu\\Desktop\\Duoc\\fullstack-2\\Nueva carpeta\\team_19\\node_modules\\react-dom\\cjs\\react-dom-client.development.js:23863:20)\n    at renderWithHooks (C:\\Users\\cachu\\Desktop\\Duoc\\fullstack-2\\Nueva carpeta\\team_19\\node_modules\\react-dom\\cjs\\react-dom-client.development.js:5529:22)\n    at updateFunctionComponent (C:\\Users\\cachu\\Desktop\\Duoc\\fullstack-2\\Nueva carpeta\\team_19\\node_modules\\react-dom\\cjs\\react-dom-client.development.js:8897:19)\n    at beginWork (C:\\Users\\cachu\\Desktop\\Duoc\\fullstack-2\\Nueva carpeta\\team_19\\node_modules\\react-dom\\cjs\\react-dom-client.development.js:10522:18)\n    at runWithFiberInDEV (C:\\Users\\cachu\\Desktop\\Duoc\\fullstack-2\\Nueva carpeta\\team_19\\node_modules\\react-dom\\cjs\\react-dom-client.development.js:1522:13)\n    at performUnitOfWork (C:\\Users\\cachu\\Desktop\\Duoc\\fullstack-2\\Nueva carpeta\\team_19\\node_modules\\react-dom\\cjs\\react-dom-client.development.js:15140:22)\n    at workLoopSync (C:\\Users\\cachu\\Desktop\\Duoc\\fullstack-2\\Nueva carpeta\\team_19\\node_modules\\react-dom\\cjs\\react-dom-client.development.js:14956:41)\n    at renderRootSync (C:\\Users\\cachu\\Desktop\\Duoc\\fullstack-2\\Nueva carpeta\\team_19\\node_modules\\react-dom\\cjs\\react-dom-client.development.js:14936:11)"],"meta":{}}],"startTime":1765080474060,"endTime":1765080474112.0415,"status":"failed","message":"","name":"C:/Users/cachu/Desktop/Duoc/fullstack-2/Nueva carpeta/team_19/tests/components/Nav.spec.jsx"},{"assertionResults":[{"ancestorTitles":["PrivateRoute Component"],"fullName":"PrivateRoute Component muestra loading mientras se valida el usuario","status":"passed","title":"muestra loading mientras se valida el usuario","duration":69.14780000000019,"failureMessages":[],"meta":{}},{"ancestorTitles":["PrivateRoute Component"],"fullName":"PrivateRoute Component redirige a login cuando no hay usuario autenticado","status":"passed","title":"redirige a login cuando no hay usuario autenticado","duration":11.499199999999746,"failureMessages":[],"meta":{}},{"ancestorTitles":["PrivateRoute Component"],"fullName":"PrivateRoute Component renderiza el contenido protegido cuando hay usuario autenticado","status":"passed","title":"renderiza el contenido protegido cuando hay usuario autenticado","duration":12.886899999999969,"failureMessages":[],"meta":{}},{"ancestorTitles":["PrivateRoute Component"],"fullName":"PrivateRoute Component permite acceso a ruta sin requiredRole cuando el usuario está autenticado","status":"passed","title":"permite acceso a ruta sin requiredRole cuando el usuario está autenticado","duration":4.964300000000094,"failureMessages":[],"meta":{}},{"ancestorTitles":["PrivateRoute Component"],"fullName":"PrivateRoute Component muestra mensaje de acceso denegado cuando el rol no coincide","status":"passed","title":"muestra mensaje de acceso denegado cuando el rol no coincide","duration":22.38110000000006,"failureMessages":[],"meta":{}},{"ancestorTitles":["PrivateRoute Component"],"fullName":"PrivateRoute Component permite acceso cuando el rol del usuario coincide con requiredRole","status":"passed","title":"permite acceso cuando el rol del usuario coincide con requiredRole","duration":9.05749999999989,"failureMessages":[],"meta":{}},{"ancestorTitles":["PrivateRoute Component"],"fullName":"PrivateRoute Component no redirige cuando el usuario tiene el rol correcto","status":"passed","title":"no redirige cuando el usuario tiene el rol correcto","duration":6.4848000000001775,"failureMessages":[],"meta":{}},{"ancestorTitles":["PrivateRoute Component"],"fullName":"PrivateRoute Component maneja múltiples roles diferentes correctamente","status":"passed","title":"maneja múltiples roles diferentes correctamente","duration":13.30789999999979,"failureMessages":[],"meta":{}},{"ancestorTitles":["PrivateRoute Component"],"fullName":"PrivateRoute Component renderiza children correctamente sin requiredRole","status":"passed","title":"renderiza children correctamente sin requiredRole","duration":6.0955000000003565,"failureMessages":[],"meta":{}},{"ancestorTitles":["PrivateRoute Component"],"fullName":"PrivateRoute Component muestra el rol requerido en el mensaje de acceso denegado","status":"passed","title":"muestra el rol requerido en el mensaje de acceso denegado","duration":8.371800000000349,"failureMessages":[],"meta":{}}],"startTime":1765080473995,"endTime":1765080474159.3718,"status":"passed","message":"","name":"C:/Users/cachu/Desktop/Duoc/fullstack-2/Nueva carpeta/team_19/tests/components/PrivateRoute.spec.jsx"},{"assertionResults":[{"ancestorTitles":["AuthContext"],"fullName":"AuthContext proporciona el contexto correctamente","status":"passed","title":"proporciona el contexto correctamente","duration":56.39619999999968,"failureMessages":[],"meta":{}},{"ancestorTitles":["AuthContext"],"fullName":"AuthContext valida el token al iniciar si existe en localStorage","status":"passed","title":"valida el token al iniciar si existe en localStorage","duration":29.774799999999686,"failureMessages":[],"meta":{}},{"ancestorTitles":["AuthContext"],"fullName":"AuthContext elimina token inválido del localStorage","status":"passed","title":"elimina token inválido del localStorage","duration":7.596000000000004,"failureMessages":[],"meta":{}},{"ancestorTitles":["AuthContext"],"fullName":"AuthContext realiza login exitoso y guarda el token","status":"passed","title":"realiza login exitoso y guarda el token","duration":45.92329999999993,"failureMessages":[],"meta":{}},{"ancestorTitles":["AuthContext"],"fullName":"AuthContext maneja error de login con credenciales incorrectas","status":"passed","title":"maneja error de login con credenciales incorrectas","duration":44.36729999999989,"failureMessages":[],"meta":{}},{"ancestorTitles":["AuthContext"],"fullName":"AuthContext maneja error de red durante login","status":"passed","title":"maneja error de red durante login","duration":61.16810000000032,"failureMessages":[],"meta":{}},{"ancestorTitles":["AuthContext"],"fullName":"AuthContext realiza logout correctamente","status":"passed","title":"realiza logout correctamente","duration":67.50610000000006,"failureMessages":[],"meta":{}},{"ancestorTitles":["AuthContext"],"fullName":"AuthContext realiza registro exitoso","status":"passed","title":"realiza registro exitoso","duration":78.12530000000015,"failureMessages":[],"meta":{}},{"ancestorTitles":["AuthContext"],"fullName":"AuthContext maneja error cuando el email ya está registrado","status":"passed","title":"maneja error cuando el email ya está registrado","duration":45.14710000000014,"failureMessages":[],"meta":{}},{"ancestorTitles":["AuthContext"],"fullName":"AuthContext maneja error de red durante registro","status":"passed","title":"maneja error de red durante registro","duration":43.76420000000007,"failureMessages":[],"meta":{}},{"ancestorTitles":["AuthContext"],"fullName":"AuthContext decodifica correctamente un token JWT válido","status":"passed","title":"decodifica correctamente un token JWT válido","duration":38.3766999999998,"failureMessages":[],"meta":{}},{"ancestorTitles":["AuthContext"],"fullName":"AuthContext maneja token malformado sin romper la aplicación","status":"passed","title":"maneja token malformado sin romper la aplicación","duration":37.44660000000022,"failureMessages":[],"meta":{}},{"ancestorTitles":["AuthContext"],"fullName":"AuthContext actualiza el estado de loading correctamente durante las operaciones","status":"passed","title":"actualiza el estado de loading correctamente durante las operaciones","duration":28.871799999999894,"failureMessages":[],"meta":{}}],"startTime":1765080473905,"endTime":1765080474489.8718,"status":"passed","message":"","name":"C:/Users/cachu/Desktop/Duoc/fullstack-2/Nueva carpeta/team_19/tests/context/AuthContext.spec.jsx"},{"assertionResults":[{"ancestorTitles":["Admin (interacciones)"],"fullName":"Admin (interacciones) renderiza el título principal","status":"passed","title":"renderiza el título principal","duration":70.15449999999964,"failureMessages":[],"meta":{}},{"ancestorTitles":["Admin (interacciones)"],"fullName":"Admin (interacciones) crear, editar y eliminar un usuario en la lista","status":"passed","title":"crear, editar y eliminar un usuario en la lista","duration":3178.3082999999997,"failureMessages":[],"meta":{}},{"ancestorTitles":["Admin (interacciones)"],"fullName":"Admin (interacciones) botón flotante abre popup y crear usuario desde popup","status":"passed","title":"botón flotante abre popup y crear usuario desde popup","duration":1149.4709000000003,"failureMessages":[],"meta":{}}],"startTime":1765080474013,"endTime":1765080478411.471,"status":"passed","message":"","name":"C:/Users/cachu/Desktop/Duoc/fullstack-2/Nueva carpeta/team_19/tests/pages/Admin.spec.jsx"},{"assertionResults":[{"ancestorTitles":["Biblioteca"],"fullName":"Biblioteca renderiza texto Biblioteca","status":"passed","title":"renderiza texto Biblioteca","duration":26.56179999999995,"failureMessages":[],"meta":{}}],"startTime":1765080478272,"endTime":1765080478298.5618,"status":"passed","message":"","name":"C:/Users/cachu/Desktop/Duoc/fullstack-2/Nueva carpeta/team_19/tests/pages/Biblioteca.spec.jsx"},{"assertionResults":[{"ancestorTitles":["Crear"],"fullName":"Crear renderiza texto Crear","status":"failed","title":"renderiza texto Crear","duration":42.73100000000022,"failureMessages":["Error: useNavigate() may be used only in the context of a <Router> component.\n    at invariant (file:///C:/Users/cachu/Desktop/Duoc/fullstack-2/Nueva%20carpeta/team_19/node_modules/react-router/dist/development/chunk-NISHYRIK.mjs:188:11)\n    at useNavigateUnstable (file:///C:/Users/cachu/Desktop/Duoc/fullstack-2/Nueva%20carpeta/team_19/node_modules/react-router/dist/development/chunk-NISHYRIK.mjs:5024:3)\n    at useNavigate (file:///C:/Users/cachu/Desktop/Duoc/fullstack-2/Nueva%20carpeta/team_19/node_modules/react-router/dist/development/chunk-NISHYRIK.mjs:5021:46)\n    at Crear (C:\\Users\\cachu\\Desktop\\Duoc\\fullstack-2\\Nueva carpeta\\team_19\\src\\components\\pages\\Crear.jsx:12:20)\n    at Object.react_stack_bottom_frame (C:\\Users\\cachu\\Desktop\\Duoc\\fullstack-2\\Nueva carpeta\\team_19\\node_modules\\react-dom\\cjs\\react-dom-client.development.js:23863:20)\n    at renderWithHooks (C:\\Users\\cachu\\Desktop\\Duoc\\fullstack-2\\Nueva carpeta\\team_19\\node_modules\\react-dom\\cjs\\react-dom-client.development.js:5529:22)\n    at updateFunctionComponent (C:\\Users\\cachu\\Desktop\\Duoc\\fullstack-2\\Nueva carpeta\\team_19\\node_modules\\react-dom\\cjs\\react-dom-client.development.js:8897:19)\n    at beginWork (C:\\Users\\cachu\\Desktop\\Duoc\\fullstack-2\\Nueva carpeta\\team_19\\node_modules\\react-dom\\cjs\\react-dom-client.development.js:10522:18)\n    at runWithFiberInDEV (C:\\Users\\cachu\\Desktop\\Duoc\\fullstack-2\\Nueva carpeta\\team_19\\node_modules\\react-dom\\cjs\\react-dom-client.development.js:1522:13)\n    at performUnitOfWork (C:\\Users\\cachu\\Desktop\\Duoc\\fullstack-2\\Nueva carpeta\\team_19\\node_modules\\react-dom\\cjs\\react-dom-client.development.js:15140:22)"],"meta":{}}],"startTime":1765080473564,"endTime":1765080473606.731,"status":"failed","message":"","name":"C:/Users/cachu/Desktop/Duoc/fullstack-2/Nueva carpeta/team_19/tests/pages/Crear.spec.jsx"},{"assertionResults":[{"ancestorTitles":["Página Inicio"],"fullName":"Página Inicio muestra el texto \"inicio\"","status":"passed","title":"muestra el texto \"inicio\"","duration":41.41509999999971,"failureMessages":[],"meta":{}},{"ancestorTitles":["Página Inicio"],"fullName":"Página Inicio renderiza layout completo (Header, Nav, Body, Lateral, Footer) y coincide con snapshot","status":"passed","title":"renderiza layout completo (Header, Nav, Body, Lateral, Footer) y coincide con snapshot","duration":30.010299999999916,"failureMessages":[],"meta":{}}],"startTime":1765080473670,"endTime":1765080473741.0103,"status":"passed","message":"","name":"C:/Users/cachu/Desktop/Duoc/fullstack-2/Nueva carpeta/team_19/tests/pages/Inicio.spec.jsx"},{"assertionResults":[{"ancestorTitles":["Layout + Inicio"],"fullName":"Layout + Inicio inicio y layout renderizan correctamente y snapshot","status":"passed","title":"inicio y layout renderizan correctamente y snapshot","duration":69.46000000000004,"failureMessages":[],"meta":{}}],"startTime":1765080473683,"endTime":1765080473752.46,"status":"passed","message":"","name":"C:/Users/cachu/Desktop/Duoc/fullstack-2/Nueva carpeta/team_19/tests/pages/LayoutAndInicio.spec.jsx"},{"assertionResults":[{"ancestorTitles":["Login Component"],"fullName":"Login Component renderiza el formulario de login correctamente","status":"passed","title":"renderiza el formulario de login correctamente","duration":669.1009999999997,"failureMessages":[],"meta":{}},{"ancestorTitles":["Login Component"],"fullName":"Login Component realiza login exitoso con credenciales válidas","status":"passed","title":"realiza login exitoso con credenciales válidas","duration":1120.5908999999997,"failureMessages":[],"meta":{}},{"ancestorTitles":["Login Component"],"fullName":"Login Component muestra error cuando las credenciales son incorrectas","status":"passed","title":"muestra error cuando las credenciales son incorrectas","duration":864.9189999999999,"failureMessages":[],"meta":{}},{"ancestorTitles":["Login Component"],"fullName":"Login Component muestra las credenciales de prueba","status":"passed","title":"muestra las credenciales de prueba","duration":16.02220000000034,"failureMessages":[],"meta":{}}],"startTime":1765080474024,"endTime":1765080476696.0222,"status":"passed","message":"","name":"C:/Users/cachu/Desktop/Duoc/fullstack-2/Nueva carpeta/team_19/tests/pages/Login.spec.jsx"},{"assertionResults":[{"ancestorTitles":["Register Component"],"fullName":"Register Component renderiza el formulario de registro correctamente","status":"failed","title":"renderiza el formulario de registro correctamente","duration":150.63400000000001,"failureMessages":["TestingLibraryElementError: Found a label with the text of: /Nombre/i, however no form control was found associated to that label. Make sure you're using the \"for\" attribute or \"aria-labelledby\" attribute correctly.\n\nIgnored nodes: comments, script, style\n\u001b[36m<body>\u001b[39m\n  \u001b[36m<div>\u001b[39m\n    \u001b[36m<div\u001b[39m\n      \u001b[33mclass\u001b[39m=\u001b[32m\"login-container\"\u001b[39m\n    \u001b[36m>\u001b[39m\n      \u001b[36m<div\u001b[39m\n        \u001b[33mclass\u001b[39m=\u001b[32m\"login-card\"\u001b[39m\n      \u001b[36m>\u001b[39m\n        \u001b[36m<h2>\u001b[39m\n          \u001b[0mCrear Cuenta\u001b[0m\n        \u001b[36m</h2>\u001b[39m\n        \u001b[36m<form>\u001b[39m\n          \u001b[36m<div\u001b[39m\n            \u001b[33mclass\u001b[39m=\u001b[32m\"form-group\"\u001b[39m\n          \u001b[36m>\u001b[39m\n            \u001b[36m<label>\u001b[39m\n              \u001b[0mNombre completo\u001b[0m\n            \u001b[36m</label>\u001b[39m\n            \u001b[36m<input\u001b[39m\n              \u001b[33mclass\u001b[39m=\u001b[32m\"\"\u001b[39m\n              \u001b[33mplaceholder\u001b[39m=\u001b[32m\"Tu nombre\"\u001b[39m\n              \u001b[33mtype\u001b[39m=\u001b[32m\"text\"\u001b[39m\n              \u001b[33mvalue\u001b[39m=\u001b[32m\"\"\u001b[39m\n            \u001b[36m/>\u001b[39m\n          \u001b[36m</div>\u001b[39m\n          \u001b[36m<div\u001b[39m\n            \u001b[33mclass\u001b[39m=\u001b[32m\"form-group\"\u001b[39m\n          \u001b[36m>\u001b[39m\n            \u001b[36m<label>\u001b[39m\n              \u001b[0mEmail\u001b[0m\n            \u001b[36m</label>\u001b[39m\n            \u001b[36m<input\u001b[39m\n              \u001b[33mclass\u001b[39m=\u001b[32m\"\"\u001b[39m\n              \u001b[33mplaceholder\u001b[39m=\u001b[32m\"tu@email.com\"\u001b[39m\n              \u001b[33mtype\u001b[39m=\u001b[32m\"email\"\u001b[39m\n              \u001b[33mvalue\u001b[39m=\u001b[32m\"\"\u001b[39m\n            \u001b[36m/>\u001b[39m\n          \u001b[36m</div>\u001b[39m\n          \u001b[36m<div\u001b[39m\n            \u001b[33mclass\u001b[39m=\u001b[32m\"form-group\"\u001b[39m\n          \u001b[36m>\u001b[39m\n            \u001b[36m<label>\u001b[39m\n              \u001b[0mContraseña\u001b[0m\n            \u001b[36m</label>\u001b[39m\n            \u001b[36m<input\u001b[39m\n              \u001b[33mclass\u001b[39m=\u001b[32m\"\"\u001b[39m\n              \u001b[33mplaceholder\u001b[39m=\u001b[32m\"Mínimo 6 caracteres\"\u001b[39m\n              \u001b[33mtype\u001b[39m=\u001b[32m\"password\"\u001b[39m\n              \u001b[33mvalue\u001b[39m=\u001b[32m\"\"\u001b[39m\n            \u001b[36m/>\u001b[39m\n          \u001b[36m</div>\u001b[39m\n          \u001b[36m<div\u001b[39m\n            \u001b[33mclass\u001b[39m=\u001b[32m\"form-group\"\u001b[39m\n          \u001b[36m>\u001b[39m\n            \u001b[36m<label>\u001b[39m\n              \u001b[0mConfirmar contraseña\u001b[0m\n            \u001b[36m</label>\u001b[39m\n            \u001b[36m<input\u001b[39m\n              \u001b[33mclass\u001b[39m=\u001b[32m\"\"\u001b[39m\n              \u001b[33mplaceholder\u001b[39m=\u001b[32m\"Repite tu contraseña\"\u001b[39m\n              \u001b[33mtype\u001b[39m=\u001b[32m\"password\"\u001b[39m\n              \u001b[33mvalue\u001b[39m=\u001b[32m\"\"\u001b[39m\n            \u001b[36m/>\u001b[39m\n          \u001b[36m</div>\u001b[39m\n          \u001b[36m<button\u001b[39m\n            \u001b[33mclass\u001b[39m=\u001b[32m\"submit-btn\"\u001b[39m\n            \u001b[33mtype\u001b[39m=\u001b[32m\"submit\"\u001b[39m\n          \u001b[36m>\u001b[39m\n            \u001b[0mRegistrarse\u001b[0m\n          \u001b[36m</button>\u001b[39m\n        \u001b[36m</form>\u001b[39m\n        \u001b[36m<div\u001b[39m\n          \u001b[33mclass\u001b[39m=\u001b[32m\"test-credentials\"\u001b[39m\n        \u001b[36m>\u001b[39m\n          \u001b[36m<p>\u001b[39m\n            \u001b[0mPara probar, usa:\u001b[0m\n          \u001b[36m</p>\u001b[39m\n          \u001b[36m<code>\u001b[39m\n            \u001b[0madmin@test.com / admin123\u001b[0m\n          \u001b[36m</code>\u001b[39m\n          \u001b[36m<code>\u001b[39m\n            \u001b[0muser@test.com / user123\u001b[0m\n          \u001b[36m</code>\u001b[39m\n        \u001b[36m</div>\u001b[39m\n        \u001b[36m<p\u001b[39m\n          \u001b[33mclass\u001b[39m=\u001b[32m\"login-link\"\u001b[39m\n        \u001b[36m>\u001b[39m\n          \u001b[0m¿Ya tienes cuenta? \u001b[0m\n          \u001b[36m<a\u001b[39m\n            \u001b[33mhref\u001b[39m=\u001b[32m\"/login\"\u001b[39m\n          \u001b[36m>\u001b[39m\n            \u001b[0mInicia sesión aquí\u001b[0m\n          \u001b[36m</a>\u001b[39m\n        \u001b[36m</p>\u001b[39m\n      \u001b[36m</div>\u001b[39m\n    \u001b[36m</div>\u001b[39m\n  \u001b[36m</div>\u001b[39m\n\u001b[36m</body>\u001b[39m\n    at Object.getElementError (C:\\Users\\cachu\\Desktop\\Duoc\\fullstack-2\\Nueva carpeta\\team_19\\node_modules\\@testing-library\\dom\\dist\\config.js:37:19)\n    at getAllByLabelText (C:\\Users\\cachu\\Desktop\\Duoc\\fullstack-2\\Nueva carpeta\\team_19\\node_modules\\@testing-library\\dom\\dist\\queries\\label-text.js:108:40)\n    at C:\\Users\\cachu\\Desktop\\Duoc\\fullstack-2\\Nueva carpeta\\team_19\\node_modules\\@testing-library\\dom\\dist\\query-helpers.js:52:17\n    at C:\\Users\\cachu\\Desktop\\Duoc\\fullstack-2\\Nueva carpeta\\team_19\\node_modules\\@testing-library\\dom\\dist\\query-helpers.js:95:19\n    at C:\\Users\\cachu\\Desktop\\Duoc\\fullstack-2\\Nueva carpeta\\team_19\\tests\\pages\\Register.spec.jsx:40:19\n    at file:///C:/Users/cachu/Desktop/Duoc/fullstack-2/Nueva%20carpeta/team_19/node_modules/@vitest/runner/dist/chunk-hooks.js:155:11\n    at file:///C:/Users/cachu/Desktop/Duoc/fullstack-2/Nueva%20carpeta/team_19/node_modules/@vitest/runner/dist/chunk-hooks.js:752:26\n    at file:///C:/Users/cachu/Desktop/Duoc/fullstack-2/Nueva%20carpeta/team_19/node_modules/@vitest/runner/dist/chunk-hooks.js:1897:20\n    at new Promise (<anonymous>)\n    at runWithTimeout (file:///C:/Users/cachu/Desktop/Duoc/fullstack-2/Nueva%20carpeta/team_19/node_modules/@vitest/runner/dist/chunk-hooks.js:1863:10)"],"meta":{}},{"ancestorTitles":["Register Component"],"fullName":"Register Component realiza registro exitoso con datos válidos","status":"failed","title":"realiza registro exitoso con datos válidos","duration":37.559099999999944,"failureMessages":["TestingLibraryElementError: Found a label with the text of: /Nombre/i, however no form control was found associated to that label. Make sure you're using the \"for\" attribute or \"aria-labelledby\" attribute correctly.\n\nIgnored nodes: comments, script, style\n\u001b[36m<body>\u001b[39m\n  \u001b[36m<div>\u001b[39m\n    \u001b[36m<div\u001b[39m\n      \u001b[33mclass\u001b[39m=\u001b[32m\"login-container\"\u001b[39m\n    \u001b[36m>\u001b[39m\n      \u001b[36m<div\u001b[39m\n        \u001b[33mclass\u001b[39m=\u001b[32m\"login-card\"\u001b[39m\n      \u001b[36m>\u001b[39m\n        \u001b[36m<h2>\u001b[39m\n          \u001b[0mCrear Cuenta\u001b[0m\n        \u001b[36m</h2>\u001b[39m\n        \u001b[36m<form>\u001b[39m\n          \u001b[36m<div\u001b[39m\n            \u001b[33mclass\u001b[39m=\u001b[32m\"form-group\"\u001b[39m\n          \u001b[36m>\u001b[39m\n            \u001b[36m<label>\u001b[39m\n              \u001b[0mNombre completo\u001b[0m\n            \u001b[36m</label>\u001b[39m\n            \u001b[36m<input\u001b[39m\n              \u001b[33mclass\u001b[39m=\u001b[32m\"\"\u001b[39m\n              \u001b[33mplaceholder\u001b[39m=\u001b[32m\"Tu nombre\"\u001b[39m\n              \u001b[33mtype\u001b[39m=\u001b[32m\"text\"\u001b[39m\n              \u001b[33mvalue\u001b[39m=\u001b[32m\"\"\u001b[39m\n            \u001b[36m/>\u001b[39m\n          \u001b[36m</div>\u001b[39m\n          \u001b[36m<div\u001b[39m\n            \u001b[33mclass\u001b[39m=\u001b[32m\"form-group\"\u001b[39m\n          \u001b[36m>\u001b[39m\n            \u001b[36m<label>\u001b[39m\n              \u001b[0mEmail\u001b[0m\n            \u001b[36m</label>\u001b[39m\n            \u001b[36m<input\u001b[39m\n              \u001b[33mclass\u001b[39m=\u001b[32m\"\"\u001b[39m\n              \u001b[33mplaceholder\u001b[39m=\u001b[32m\"tu@email.com\"\u001b[39m\n              \u001b[33mtype\u001b[39m=\u001b[32m\"email\"\u001b[39m\n              \u001b[33mvalue\u001b[39m=\u001b[32m\"\"\u001b[39m\n            \u001b[36m/>\u001b[39m\n          \u001b[36m</div>\u001b[39m\n          \u001b[36m<div\u001b[39m\n            \u001b[33mclass\u001b[39m=\u001b[32m\"form-group\"\u001b[39m\n          \u001b[36m>\u001b[39m\n            \u001b[36m<label>\u001b[39m\n              \u001b[0mContraseña\u001b[0m\n            \u001b[36m</label>\u001b[39m\n            \u001b[36m<input\u001b[39m\n              \u001b[33mclass\u001b[39m=\u001b[32m\"\"\u001b[39m\n              \u001b[33mplaceholder\u001b[39m=\u001b[32m\"Mínimo 6 caracteres\"\u001b[39m\n              \u001b[33mtype\u001b[39m=\u001b[32m\"password\"\u001b[39m\n              \u001b[33mvalue\u001b[39m=\u001b[32m\"\"\u001b[39m\n            \u001b[36m/>\u001b[39m\n          \u001b[36m</div>\u001b[39m\n          \u001b[36m<div\u001b[39m\n            \u001b[33mclass\u001b[39m=\u001b[32m\"form-group\"\u001b[39m\n          \u001b[36m>\u001b[39m\n            \u001b[36m<label>\u001b[39m\n              \u001b[0mConfirmar contraseña\u001b[0m\n            \u001b[36m</label>\u001b[39m\n            \u001b[36m<input\u001b[39m\n              \u001b[33mclass\u001b[39m=\u001b[32m\"\"\u001b[39m\n              \u001b[33mplaceholder\u001b[39m=\u001b[32m\"Repite tu contraseña\"\u001b[39m\n              \u001b[33mtype\u001b[39m=\u001b[32m\"password\"\u001b[39m\n              \u001b[33mvalue\u001b[39m=\u001b[32m\"\"\u001b[39m\n            \u001b[36m/>\u001b[39m\n          \u001b[36m</div>\u001b[39m\n          \u001b[36m<button\u001b[39m\n            \u001b[33mclass\u001b[39m=\u001b[32m\"submit-btn\"\u001b[39m\n            \u001b[33mtype\u001b[39m=\u001b[32m\"submit\"\u001b[39m\n          \u001b[36m>\u001b[39m\n            \u001b[0mRegistrarse\u001b[0m\n          \u001b[36m</button>\u001b[39m\n        \u001b[36m</form>\u001b[39m\n        \u001b[36m<div\u001b[39m\n          \u001b[33mclass\u001b[39m=\u001b[32m\"test-credentials\"\u001b[39m\n        \u001b[36m>\u001b[39m\n          \u001b[36m<p>\u001b[39m\n            \u001b[0mPara probar, usa:\u001b[0m\n          \u001b[36m</p>\u001b[39m\n          \u001b[36m<code>\u001b[39m\n            \u001b[0madmin@test.com / admin123\u001b[0m\n          \u001b[36m</code>\u001b[39m\n          \u001b[36m<code>\u001b[39m\n            \u001b[0muser@test.com / user123\u001b[0m\n          \u001b[36m</code>\u001b[39m\n        \u001b[36m</div>\u001b[39m\n        \u001b[36m<p\u001b[39m\n          \u001b[33mclass\u001b[39m=\u001b[32m\"login-link\"\u001b[39m\n        \u001b[36m>\u001b[39m\n          \u001b[0m¿Ya tienes cuenta? \u001b[0m\n          \u001b[36m<a\u001b[39m\n            \u001b[33mhref\u001b[39m=\u001b[32m\"/login\"\u001b[39m\n          \u001b[36m>\u001b[39m\n            \u001b[0mInicia sesión aquí\u001b[0m\n          \u001b[36m</a>\u001b[39m\n        \u001b[36m</p>\u001b[39m\n      \u001b[36m</div>\u001b[39m\n    \u001b[36m</div>\u001b[39m\n  \u001b[36m</div>\u001b[39m\n\u001b[36m</body>\u001b[39m\n    at Object.getElementError (C:\\Users\\cachu\\Desktop\\Duoc\\fullstack-2\\Nueva carpeta\\team_19\\node_modules\\@testing-library\\dom\\dist\\config.js:37:19)\n    at getAllByLabelText (C:\\Users\\cachu\\Desktop\\Duoc\\fullstack-2\\Nueva carpeta\\team_19\\node_modules\\@testing-library\\dom\\dist\\queries\\label-text.js:108:40)\n    at C:\\Users\\cachu\\Desktop\\Duoc\\fullstack-2\\Nueva carpeta\\team_19\\node_modules\\@testing-library\\dom\\dist\\query-helpers.js:52:17\n    at C:\\Users\\cachu\\Desktop\\Duoc\\fullstack-2\\Nueva carpeta\\team_19\\node_modules\\@testing-library\\dom\\dist\\query-helpers.js:95:19\n    at C:\\Users\\cachu\\Desktop\\Duoc\\fullstack-2\\Nueva carpeta\\team_19\\tests\\pages\\Register.spec.jsx:59:32\n    at file:///C:/Users/cachu/Desktop/Duoc/fullstack-2/Nueva%20carpeta/team_19/node_modules/@vitest/runner/dist/chunk-hooks.js:155:11\n    at file:///C:/Users/cachu/Desktop/Duoc/fullstack-2/Nueva%20carpeta/team_19/node_modules/@vitest/runner/dist/chunk-hooks.js:752:26\n    at file:///C:/Users/cachu/Desktop/Duoc/fullstack-2/Nueva%20carpeta/team_19/node_modules/@vitest/runner/dist/chunk-hooks.js:1897:20\n    at new Promise (<anonymous>)\n    at runWithTimeout (file:///C:/Users/cachu/Desktop/Duoc/fullstack-2/Nueva%20carpeta/team_19/node_modules/@vitest/runner/dist/chunk-hooks.js:1863:10)"],"meta":{}},{"ancestorTitles":["Register Component"],"fullName":"Register Component muestra error cuando el email ya está registrado","status":"failed","title":"muestra error cuando el email ya está registrado","duration":36.90869999999995,"failureMessages":["TestingLibraryElementError: Found a label with the text of: /Nombre/i, however no form control was found associated to that label. Make sure you're using the \"for\" attribute or \"aria-labelledby\" attribute correctly.\n\nIgnored nodes: comments, script, style\n\u001b[36m<body>\u001b[39m\n  \u001b[36m<div>\u001b[39m\n    \u001b[36m<div\u001b[39m\n      \u001b[33mclass\u001b[39m=\u001b[32m\"login-container\"\u001b[39m\n    \u001b[36m>\u001b[39m\n      \u001b[36m<div\u001b[39m\n        \u001b[33mclass\u001b[39m=\u001b[32m\"login-card\"\u001b[39m\n      \u001b[36m>\u001b[39m\n        \u001b[36m<h2>\u001b[39m\n          \u001b[0mCrear Cuenta\u001b[0m\n        \u001b[36m</h2>\u001b[39m\n        \u001b[36m<form>\u001b[39m\n          \u001b[36m<div\u001b[39m\n            \u001b[33mclass\u001b[39m=\u001b[32m\"form-group\"\u001b[39m\n          \u001b[36m>\u001b[39m\n            \u001b[36m<label>\u001b[39m\n              \u001b[0mNombre completo\u001b[0m\n            \u001b[36m</label>\u001b[39m\n            \u001b[36m<input\u001b[39m\n              \u001b[33mclass\u001b[39m=\u001b[32m\"\"\u001b[39m\n              \u001b[33mplaceholder\u001b[39m=\u001b[32m\"Tu nombre\"\u001b[39m\n              \u001b[33mtype\u001b[39m=\u001b[32m\"text\"\u001b[39m\n              \u001b[33mvalue\u001b[39m=\u001b[32m\"\"\u001b[39m\n            \u001b[36m/>\u001b[39m\n          \u001b[36m</div>\u001b[39m\n          \u001b[36m<div\u001b[39m\n            \u001b[33mclass\u001b[39m=\u001b[32m\"form-group\"\u001b[39m\n          \u001b[36m>\u001b[39m\n            \u001b[36m<label>\u001b[39m\n              \u001b[0mEmail\u001b[0m\n            \u001b[36m</label>\u001b[39m\n            \u001b[36m<input\u001b[39m\n              \u001b[33mclass\u001b[39m=\u001b[32m\"\"\u001b[39m\n              \u001b[33mplaceholder\u001b[39m=\u001b[32m\"tu@email.com\"\u001b[39m\n              \u001b[33mtype\u001b[39m=\u001b[32m\"email\"\u001b[39m\n              \u001b[33mvalue\u001b[39m=\u001b[32m\"\"\u001b[39m\n            \u001b[36m/>\u001b[39m\n          \u001b[36m</div>\u001b[39m\n          \u001b[36m<div\u001b[39m\n            \u001b[33mclass\u001b[39m=\u001b[32m\"form-group\"\u001b[39m\n          \u001b[36m>\u001b[39m\n            \u001b[36m<label>\u001b[39m\n              \u001b[0mContraseña\u001b[0m\n            \u001b[36m</label>\u001b[39m\n            \u001b[36m<input\u001b[39m\n              \u001b[33mclass\u001b[39m=\u001b[32m\"\"\u001b[39m\n              \u001b[33mplaceholder\u001b[39m=\u001b[32m\"Mínimo 6 caracteres\"\u001b[39m\n              \u001b[33mtype\u001b[39m=\u001b[32m\"password\"\u001b[39m\n              \u001b[33mvalue\u001b[39m=\u001b[32m\"\"\u001b[39m\n            \u001b[36m/>\u001b[39m\n          \u001b[36m</div>\u001b[39m\n          \u001b[36m<div\u001b[39m\n            \u001b[33mclass\u001b[39m=\u001b[32m\"form-group\"\u001b[39m\n          \u001b[36m>\u001b[39m\n            \u001b[36m<label>\u001b[39m\n              \u001b[0mConfirmar contraseña\u001b[0m\n            \u001b[36m</label>\u001b[39m\n            \u001b[36m<input\u001b[39m\n              \u001b[33mclass\u001b[39m=\u001b[32m\"\"\u001b[39m\n              \u001b[33mplaceholder\u001b[39m=\u001b[32m\"Repite tu contraseña\"\u001b[39m\n              \u001b[33mtype\u001b[39m=\u001b[32m\"password\"\u001b[39m\n              \u001b[33mvalue\u001b[39m=\u001b[32m\"\"\u001b[39m\n            \u001b[36m/>\u001b[39m\n          \u001b[36m</div>\u001b[39m\n          \u001b[36m<button\u001b[39m\n            \u001b[33mclass\u001b[39m=\u001b[32m\"submit-btn\"\u001b[39m\n            \u001b[33mtype\u001b[39m=\u001b[32m\"submit\"\u001b[39m\n          \u001b[36m>\u001b[39m\n            \u001b[0mRegistrarse\u001b[0m\n          \u001b[36m</button>\u001b[39m\n        \u001b[36m</form>\u001b[39m\n        \u001b[36m<div\u001b[39m\n          \u001b[33mclass\u001b[39m=\u001b[32m\"test-credentials\"\u001b[39m\n        \u001b[36m>\u001b[39m\n          \u001b[36m<p>\u001b[39m\n            \u001b[0mPara probar, usa:\u001b[0m\n          \u001b[36m</p>\u001b[39m\n          \u001b[36m<code>\u001b[39m\n            \u001b[0madmin@test.com / admin123\u001b[0m\n          \u001b[36m</code>\u001b[39m\n          \u001b[36m<code>\u001b[39m\n            \u001b[0muser@test.com / user123\u001b[0m\n          \u001b[36m</code>\u001b[39m\n        \u001b[36m</div>\u001b[39m\n        \u001b[36m<p\u001b[39m\n          \u001b[33mclass\u001b[39m=\u001b[32m\"login-link\"\u001b[39m\n        \u001b[36m>\u001b[39m\n          \u001b[0m¿Ya tienes cuenta? \u001b[0m\n          \u001b[36m<a\u001b[39m\n            \u001b[33mhref\u001b[39m=\u001b[32m\"/login\"\u001b[39m\n          \u001b[36m>\u001b[39m\n            \u001b[0mInicia sesión aquí\u001b[0m\n          \u001b[36m</a>\u001b[39m\n        \u001b[36m</p>\u001b[39m\n      \u001b[36m</div>\u001b[39m\n    \u001b[36m</div>\u001b[39m\n  \u001b[36m</div>\u001b[39m\n\u001b[36m</body>\u001b[39m\n    at Object.getElementError (C:\\Users\\cachu\\Desktop\\Duoc\\fullstack-2\\Nueva carpeta\\team_19\\node_modules\\@testing-library\\dom\\dist\\config.js:37:19)\n    at getAllByLabelText (C:\\Users\\cachu\\Desktop\\Duoc\\fullstack-2\\Nueva carpeta\\team_19\\node_modules\\@testing-library\\dom\\dist\\queries\\label-text.js:108:40)\n    at C:\\Users\\cachu\\Desktop\\Duoc\\fullstack-2\\Nueva carpeta\\team_19\\node_modules\\@testing-library\\dom\\dist\\query-helpers.js:52:17\n    at C:\\Users\\cachu\\Desktop\\Duoc\\fullstack-2\\Nueva carpeta\\team_19\\node_modules\\@testing-library\\dom\\dist\\query-helpers.js:95:19\n    at C:\\Users\\cachu\\Desktop\\Duoc\\fullstack-2\\Nueva carpeta\\team_19\\tests\\pages\\Register.spec.jsx:89:32\n    at file:///C:/Users/cachu/Desktop/Duoc/fullstack-2/Nueva%20carpeta/team_19/node_modules/@vitest/runner/dist/chunk-hooks.js:155:11\n    at file:///C:/Users/cachu/Desktop/Duoc/fullstack-2/Nueva%20carpeta/team_19/node_modules/@vitest/runner/dist/chunk-hooks.js:752:26\n    at file:///C:/Users/cachu/Desktop/Duoc/fullstack-2/Nueva%20carpeta/team_19/node_modules/@vitest/runner/dist/chunk-hooks.js:1897:20\n    at new Promise (<anonymous>)\n    at runWithTimeout (file:///C:/Users/cachu/Desktop/Duoc/fullstack-2/Nueva%20carpeta/team_19/node_modules/@vitest/runner/dist/chunk-hooks.js:1863:10)"],"meta":{}}],"startTime":1765080474023,"endTime":1765080474248.9087,"status":"failed","message":"","name":"C:/Users/cachu/Desktop/Duoc/fullstack-2/Nueva carpeta/team_19/tests/pages/Register.spec.jsx"}],"coverageMap":{"C:\\Users\\cachu\\Desktop\\Duoc\\fullstack-2\\Nueva carpeta\\team_19\\src\\App.jsx":{"path":"C:\\Users\\cachu\\Desktop\\Duoc\\fullstack-2\\Nueva carpeta\\team_19\\src\\App.jsx","all":false,"statementMap":{"1":{"start":{"line":2,"column":0},"end":{"line":2,"column":39}},"2":{"start":{"line":3,"column":0},"end":{"line":3,"column":36}},"3":{"start":{"line":4,"column":0},"end":{"line":4,"column":63}},"4":{"start":{"line":5,"column":0},"end":{"line":5,"column":52}},"5":{"start":{"line":6,"column":0},"end":{"line":6,"column":52}},"6":{"start":{"line":7,"column":0},"end":{"line":7,"column":56}},"7":{"start":{"line":8,"column":0},"end":{"line":8,"column":50}},"8":{"start":{"line":9,"column":0},"end":{"line":9,"column":58}},"9":{"start":{"line":10,"column":0},"end":{"line":10,"column":48}},"10":{"start":{"line":11,"column":0},"end":{"line":11,"column":48}},"11":{"start":{"line":12,"column":0},"end":{"line":12,"column":48}},"12":{"start":{"line":13,"column":0},"end":{"line":13,"column":54}},"13":{"start":{"line":14,"column":0},"end":{"line":14,"column":51}},"14":{"start":{"line":15,"column":0},"end":{"line":15,"column":51}},"15":{"start":{"line":16,"column":0},"end":{"line":16,"column":45}},"16":{"start":{"line":17,"column":0},"end":{"line":17,"column":47}},"18":{"start":{"line":19,"column":0},"end":{"line":19,"column":16}},"19":{"start":{"line":20,"column":0},"end":{"line":20,"column":51}},"21":{"start":{"line":22,"column":0},"end":{"line":22,"column":10}},"22":{"start":{"line":23,"column":0},"end":{"line":23,"column":18}},"23":{"start":{"line":24,"column":0},"end":{"line":24,"column":20}},"24":{"start":{"line":25,"column":0},"end":{"line":25,"column":23}},"25":{"start":{"line":26,"column":0},"end":{"line":26,"column":38}},"26":{"start":{"line":27,"column":0},"end":{"line":27,"column":22}},"27":{"start":{"line":28,"column":0},"end":{"line":28,"column":44}},"29":{"start":{"line":30,"column":0},"end":{"line":30,"column":46}},"30":{"start":{"line":31,"column":0},"end":{"line":31,"column":41}},"31":{"start":{"line":32,"column":0},"end":{"line":32,"column":24}},"33":{"start":{"line":34,"column":0},"end":{"line":34,"column":79}},"34":{"start":{"line":35,"column":0},"end":{"line":35,"column":85}},"35":{"start":{"line":36,"column":0},"end":{"line":36,"column":70}},"36":{"start":{"line":37,"column":0},"end":{"line":37,"column":60}},"37":{"start":{"line":38,"column":0},"end":{"line":38,"column":66}},"40":{"start":{"line":41,"column":0},"end":{"line":41,"column":25}},"41":{"start":{"line":42,"column":0},"end":{"line":42,"column":34}},"42":{"start":{"line":43,"column":0},"end":{"line":43,"column":29}},"43":{"start":{"line":44,"column":0},"end":{"line":44,"column":57}},"44":{"start":{"line":45,"column":0},"end":{"line":45,"column":32}},"45":{"start":{"line":46,"column":0},"end":{"line":46,"column":37}},"47":{"start":{"line":48,"column":0},"end":{"line":48,"column":20}},"48":{"start":{"line":49,"column":0},"end":{"line":49,"column":25}},"49":{"start":{"line":50,"column":0},"end":{"line":50,"column":34}},"50":{"start":{"line":51,"column":0},"end":{"line":51,"column":29}},"51":{"start":{"line":52,"column":0},"end":{"line":52,"column":57}},"52":{"start":{"line":53,"column":0},"end":{"line":53,"column":32}},"53":{"start":{"line":54,"column":0},"end":{"line":54,"column":37}},"55":{"start":{"line":56,"column":0},"end":{"line":56,"column":20}},"56":{"start":{"line":57,"column":0},"end":{"line":57,"column":25}},"57":{"start":{"line":58,"column":0},"end":{"line":58,"column":21}},"58":{"start":{"line":59,"column":0},"end":{"line":59,"column":24}},"59":{"start":{"line":60,"column":0},"end":{"line":60,"column":18}},"60":{"start":{"line":61,"column":0},"end":{"line":61,"column":16}},"61":{"start":{"line":62,"column":0},"end":{"line":62,"column":24}},"62":{"start":{"line":63,"column":0},"end":{"line":63,"column":21}},"63":{"start":{"line":64,"column":0},"end":{"line":64,"column":19}},"65":{"start":{"line":66,"column":0},"end":{"line":66,"column":1}},"67":{"start":{"line":68,"column":0},"end":{"line":68,"column":18}}},"s":{"1":1,"2":1,"3":1,"4":1,"5":1,"6":1,"7":1,"8":1,"9":1,"10":1,"11":1,"12":1,"13":1,"14":1,"15":1,"16":1,"18":3,"19":3,"21":3,"22":3,"23":3,"24":3,"25":3,"26":3,"27":3,"29":3,"30":3,"31":3,"33":3,"34":3,"35":3,"36":3,"37":3,"40":3,"41":3,"42":3,"43":3,"44":3,"45":3,"47":3,"48":3,"49":3,"50":3,"51":3,"52":3,"53":3,"55":3,"56":3,"57":3,"58":3,"59":3,"60":3,"61":3,"62":3,"63":3,"65":3,"67":1},"branchMap":{"0":{"type":"branch","line":19,"loc":{"start":{"line":19,"column":0},"end":{"line":66,"column":1}},"locations":[{"start":{"line":19,"column":0},"end":{"line":66,"column":1}}]}},"b":{"0":[3]},"fnMap":{"0":{"name":"App","decl":{"start":{"line":19,"column":0},"end":{"line":66,"column":1}},"loc":{"start":{"line":19,"column":0},"end":{"line":66,"column":1}},"line":19}},"f":{"0":3}},"C:\\Users\\cachu\\Desktop\\Duoc\\fullstack-2\\Nueva carpeta\\team_19\\src\\components\\PrivateRoute.jsx":{"path":"C:\\Users\\cachu\\Desktop\\Duoc\\fullstack-2\\Nueva carpeta\\team_19\\src\\components\\PrivateRoute.jsx","all":false,"statementMap":{"0":{"start":{"line":1,"column":0},"end":{"line":1,"column":26}},"1":{"start":{"line":2,"column":0},"end":{"line":2,"column":44}},"2":{"start":{"line":3,"column":0},"end":{"line":3,"column":49}},"4":{"start":{"line":5,"column":0},"end":{"line":5,"column":68}},"5":{"start":{"line":6,"column":0},"end":{"line":6,"column":38}},"7":{"start":{"line":8,"column":0},"end":{"line":8,"column":16}},"8":{"start":{"line":9,"column":0},"end":{"line":9,"column":12}},"9":{"start":{"line":10,"column":0},"end":{"line":10,"column":41}},"10":{"start":{"line":11,"column":0},"end":{"line":11,"column":26}},"11":{"start":{"line":12,"column":0},"end":{"line":12,"column":12}},"13":{"start":{"line":14,"column":0},"end":{"line":14,"column":3}},"15":{"start":{"line":16,"column":0},"end":{"line":16,"column":14}},"16":{"start":{"line":17,"column":0},"end":{"line":17,"column":44}},"17":{"start":{"line":18,"column":0},"end":{"line":18,"column":3}},"19":{"start":{"line":20,"column":0},"end":{"line":20,"column":50}},"20":{"start":{"line":21,"column":0},"end":{"line":21,"column":12}},"21":{"start":{"line":22,"column":0},"end":{"line":22,"column":47}},"22":{"start":{"line":23,"column":0},"end":{"line":23,"column":32}},"23":{"start":{"line":24,"column":0},"end":{"line":24,"column":62}},"24":{"start":{"line":25,"column":0},"end":{"line":25,"column":46}},"25":{"start":{"line":26,"column":0},"end":{"line":26,"column":12}},"27":{"start":{"line":28,"column":0},"end":{"line":28,"column":3}},"29":{"start":{"line":30,"column":0},"end":{"line":30,"column":18}},"30":{"start":{"line":31,"column":0},"end":{"line":31,"column":2}}},"s":{"0":1,"1":1,"2":1,"4":1,"5":11,"7":11,"8":1,"9":1,"10":1,"11":1,"13":1,"15":11,"16":1,"17":1,"19":11,"20":2,"21":2,"22":2,"23":2,"24":2,"25":2,"27":2,"29":7,"30":7},"branchMap":{"0":{"type":"branch","line":5,"loc":{"start":{"line":5,"column":28},"end":{"line":31,"column":2}},"locations":[{"start":{"line":5,"column":28},"end":{"line":31,"column":2}}]},"1":{"type":"branch","line":8,"loc":{"start":{"line":8,"column":15},"end":{"line":14,"column":3}},"locations":[{"start":{"line":8,"column":15},"end":{"line":14,"column":3}}]},"2":{"type":"branch","line":14,"loc":{"start":{"line":14,"column":2},"end":{"line":16,"column":13}},"locations":[{"start":{"line":14,"column":2},"end":{"line":16,"column":13}}]},"3":{"type":"branch","line":16,"loc":{"start":{"line":16,"column":13},"end":{"line":18,"column":3}},"locations":[{"start":{"line":16,"column":13},"end":{"line":18,"column":3}}]},"4":{"type":"branch","line":18,"loc":{"start":{"line":18,"column":2},"end":{"line":20,"column":22}},"locations":[{"start":{"line":18,"column":2},"end":{"line":20,"column":22}}]},"5":{"type":"branch","line":20,"loc":{"start":{"line":20,"column":6},"end":{"line":20,"column":49}},"locations":[{"start":{"line":20,"column":6},"end":{"line":20,"column":49}}]},"6":{"type":"branch","line":20,"loc":{"start":{"line":20,"column":49},"end":{"line":28,"column":3}},"locations":[{"start":{"line":20,"column":49},"end":{"line":28,"column":3}}]},"7":{"type":"branch","line":28,"loc":{"start":{"line":28,"column":2},"end":{"line":31,"column":2}},"locations":[{"start":{"line":28,"column":2},"end":{"line":31,"column":2}}]}},"b":{"0":[11],"1":[1],"2":[10],"3":[1],"4":[9],"5":[6],"6":[2],"7":[7]},"fnMap":{"0":{"name":"PrivateRoute","decl":{"start":{"line":5,"column":28},"end":{"line":31,"column":2}},"loc":{"start":{"line":5,"column":28},"end":{"line":31,"column":2}},"line":5}},"f":{"0":11}},"C:\\Users\\cachu\\Desktop\\Duoc\\fullstack-2\\Nueva carpeta\\team_19\\src\\components\\layout\\Body.jsx":{"path":"C:\\Users\\cachu\\Desktop\\Duoc\\fullstack-2\\Nueva carpeta\\team_19\\src\\components\\layout\\Body.jsx","all":false,"statementMap":{"0":{"start":{"line":1,"column":0},"end":{"line":1,"column":52}},"1":{"start":{"line":2,"column":0},"end":{"line":2,"column":40}},"2":{"start":{"line":3,"column":0},"end":{"line":3,"column":25}},"3":{"start":{"line":4,"column":0},"end":{"line":4,"column":28}},"4":{"start":{"line":5,"column":0},"end":{"line":5,"column":101}},"5":{"start":{"line":6,"column":0},"end":{"line":6,"column":51}},"6":{"start":{"line":7,"column":0},"end":{"line":7,"column":54}},"8":{"start":{"line":9,"column":0},"end":{"line":9,"column":39}},"9":{"start":{"line":10,"column":0},"end":{"line":10,"column":26}},"10":{"start":{"line":11,"column":0},"end":{"line":11,"column":91}},"11":{"start":{"line":12,"column":0},"end":{"line":12,"column":123}},"12":{"start":{"line":13,"column":0},"end":{"line":13,"column":1}},"14":{"start":{"line":15,"column":0},"end":{"line":15,"column":46}},"15":{"start":{"line":16,"column":0},"end":{"line":16,"column":35}},"16":{"start":{"line":17,"column":0},"end":{"line":17,"column":96}},"17":{"start":{"line":18,"column":0},"end":{"line":18,"column":62}},"18":{"start":{"line":19,"column":0},"end":{"line":19,"column":66}},"19":{"start":{"line":20,"column":0},"end":{"line":20,"column":50}},"21":{"start":{"line":22,"column":0},"end":{"line":22,"column":36}},"22":{"start":{"line":23,"column":0},"end":{"line":23,"column":54}},"23":{"start":{"line":24,"column":0},"end":{"line":24,"column":26}},"24":{"start":{"line":25,"column":0},"end":{"line":25,"column":25}},"25":{"start":{"line":26,"column":0},"end":{"line":26,"column":4}},"27":{"start":{"line":28,"column":0},"end":{"line":28,"column":41}},"29":{"start":{"line":30,"column":0},"end":{"line":30,"column":23}},"31":{"start":{"line":32,"column":0},"end":{"line":32,"column":28}},"34":{"start":{"line":35,"column":0},"end":{"line":35,"column":16}},"36":{"start":{"line":37,"column":0},"end":{"line":37,"column":23}},"37":{"start":{"line":38,"column":0},"end":{"line":38,"column":29}},"38":{"start":{"line":39,"column":0},"end":{"line":39,"column":30}},"39":{"start":{"line":40,"column":0},"end":{"line":40,"column":4}},"41":{"start":{"line":42,"column":0},"end":{"line":42,"column":31}},"42":{"start":{"line":43,"column":0},"end":{"line":43,"column":16}},"43":{"start":{"line":44,"column":0},"end":{"line":44,"column":31}},"44":{"start":{"line":45,"column":0},"end":{"line":45,"column":4}},"47":{"start":{"line":48,"column":0},"end":{"line":48,"column":42}},"48":{"start":{"line":49,"column":0},"end":{"line":49,"column":61}},"50":{"start":{"line":51,"column":0},"end":{"line":51,"column":9}},"51":{"start":{"line":52,"column":0},"end":{"line":52,"column":53}},"52":{"start":{"line":53,"column":0},"end":{"line":53,"column":50}},"55":{"start":{"line":56,"column":0},"end":{"line":56,"column":21}},"56":{"start":{"line":57,"column":0},"end":{"line":57,"column":58}},"57":{"start":{"line":58,"column":0},"end":{"line":58,"column":35}},"58":{"start":{"line":59,"column":0},"end":{"line":59,"column":25}},"59":{"start":{"line":60,"column":0},"end":{"line":60,"column":80}},"60":{"start":{"line":61,"column":0},"end":{"line":61,"column":16}},"61":{"start":{"line":62,"column":0},"end":{"line":62,"column":33}},"62":{"start":{"line":63,"column":0},"end":{"line":63,"column":9}},"63":{"start":{"line":64,"column":0},"end":{"line":64,"column":9}},"65":{"start":{"line":66,"column":0},"end":{"line":66,"column":40}},"66":{"start":{"line":67,"column":0},"end":{"line":67,"column":65}},"67":{"start":{"line":68,"column":0},"end":{"line":68,"column":17}},"69":{"start":{"line":70,"column":0},"end":{"line":70,"column":66}},"70":{"start":{"line":71,"column":0},"end":{"line":71,"column":5}},"71":{"start":{"line":72,"column":0},"end":{"line":72,"column":3}},"73":{"start":{"line":74,"column":0},"end":{"line":74,"column":38}},"74":{"start":{"line":75,"column":0},"end":{"line":75,"column":30}},"75":{"start":{"line":76,"column":0},"end":{"line":76,"column":40}},"76":{"start":{"line":77,"column":0},"end":{"line":77,"column":82}},"77":{"start":{"line":78,"column":0},"end":{"line":78,"column":14}},"78":{"start":{"line":79,"column":0},"end":{"line":79,"column":36}},"79":{"start":{"line":80,"column":0},"end":{"line":80,"column":55}},"80":{"start":{"line":81,"column":0},"end":{"line":81,"column":9}},"82":{"start":{"line":83,"column":0},"end":{"line":83,"column":15}},"83":{"start":{"line":84,"column":0},"end":{"line":84,"column":12}},"84":{"start":{"line":85,"column":0},"end":{"line":85,"column":44}},"85":{"start":{"line":86,"column":0},"end":{"line":86,"column":13}},"86":{"start":{"line":87,"column":0},"end":{"line":87,"column":37}},"87":{"start":{"line":88,"column":0},"end":{"line":88,"column":62}},"88":{"start":{"line":89,"column":0},"end":{"line":89,"column":31}},"89":{"start":{"line":90,"column":0},"end":{"line":90,"column":10}},"90":{"start":{"line":91,"column":0},"end":{"line":91,"column":13}},"91":{"start":{"line":92,"column":0},"end":{"line":92,"column":10}},"94":{"start":{"line":95,"column":0},"end":{"line":95,"column":30}},"95":{"start":{"line":96,"column":0},"end":{"line":96,"column":37}},"97":{"start":{"line":98,"column":0},"end":{"line":98,"column":12}},"98":{"start":{"line":99,"column":0},"end":{"line":99,"column":44}},"99":{"start":{"line":100,"column":0},"end":{"line":100,"column":39}},"100":{"start":{"line":101,"column":0},"end":{"line":101,"column":37}},"101":{"start":{"line":102,"column":0},"end":{"line":102,"column":35}},"102":{"start":{"line":103,"column":0},"end":{"line":103,"column":40}},"104":{"start":{"line":105,"column":0},"end":{"line":105,"column":14}},"105":{"start":{"line":106,"column":0},"end":{"line":106,"column":43}},"106":{"start":{"line":107,"column":0},"end":{"line":107,"column":38}},"107":{"start":{"line":108,"column":0},"end":{"line":108,"column":61}},"108":{"start":{"line":109,"column":0},"end":{"line":109,"column":25}},"109":{"start":{"line":110,"column":0},"end":{"line":110,"column":52}},"110":{"start":{"line":111,"column":0},"end":{"line":111,"column":28}},"111":{"start":{"line":112,"column":0},"end":{"line":112,"column":62}},"112":{"start":{"line":113,"column":0},"end":{"line":113,"column":26}},"113":{"start":{"line":114,"column":0},"end":{"line":114,"column":87}},"114":{"start":{"line":115,"column":0},"end":{"line":115,"column":23}},"115":{"start":{"line":116,"column":0},"end":{"line":116,"column":19}},"116":{"start":{"line":117,"column":0},"end":{"line":117,"column":19}},"117":{"start":{"line":118,"column":0},"end":{"line":118,"column":45}},"118":{"start":{"line":119,"column":0},"end":{"line":119,"column":82}},"119":{"start":{"line":120,"column":0},"end":{"line":120,"column":20}},"120":{"start":{"line":121,"column":0},"end":{"line":121,"column":15}},"123":{"start":{"line":124,"column":0},"end":{"line":124,"column":24}},"124":{"start":{"line":125,"column":0},"end":{"line":125,"column":45}},"125":{"start":{"line":126,"column":0},"end":{"line":126,"column":38}},"126":{"start":{"line":127,"column":0},"end":{"line":127,"column":111}},"128":{"start":{"line":129,"column":0},"end":{"line":129,"column":154}},"129":{"start":{"line":130,"column":0},"end":{"line":130,"column":38}},"130":{"start":{"line":131,"column":0},"end":{"line":131,"column":98}},"132":{"start":{"line":133,"column":0},"end":{"line":133,"column":18}},"134":{"start":{"line":135,"column":0},"end":{"line":135,"column":34}},"135":{"start":{"line":136,"column":0},"end":{"line":136,"column":47}},"136":{"start":{"line":137,"column":0},"end":{"line":137,"column":47}},"137":{"start":{"line":138,"column":0},"end":{"line":138,"column":102}},"138":{"start":{"line":139,"column":0},"end":{"line":139,"column":100}},"139":{"start":{"line":140,"column":0},"end":{"line":140,"column":91}},"140":{"start":{"line":141,"column":0},"end":{"line":141,"column":106}},"141":{"start":{"line":142,"column":0},"end":{"line":142,"column":20}},"142":{"start":{"line":143,"column":0},"end":{"line":143,"column":18}},"144":{"start":{"line":145,"column":0},"end":{"line":145,"column":14}},"145":{"start":{"line":146,"column":0},"end":{"line":146,"column":12}},"147":{"start":{"line":148,"column":0},"end":{"line":148,"column":4}},"149":{"start":{"line":150,"column":0},"end":{"line":150,"column":32}},"150":{"start":{"line":151,"column":0},"end":{"line":151,"column":39}},"152":{"start":{"line":153,"column":0},"end":{"line":153,"column":12}},"153":{"start":{"line":154,"column":0},"end":{"line":154,"column":44}},"154":{"start":{"line":155,"column":0},"end":{"line":155,"column":39}},"155":{"start":{"line":156,"column":0},"end":{"line":156,"column":36}},"156":{"start":{"line":157,"column":0},"end":{"line":157,"column":44}},"157":{"start":{"line":158,"column":0},"end":{"line":158,"column":57}},"158":{"start":{"line":159,"column":0},"end":{"line":159,"column":101}},"159":{"start":{"line":160,"column":0},"end":{"line":160,"column":14}},"160":{"start":{"line":161,"column":0},"end":{"line":161,"column":12}},"162":{"start":{"line":163,"column":0},"end":{"line":163,"column":4}},"164":{"start":{"line":165,"column":0},"end":{"line":165,"column":10}},"165":{"start":{"line":166,"column":0},"end":{"line":166,"column":9}},"167":{"start":{"line":168,"column":0},"end":{"line":168,"column":43}},"168":{"start":{"line":169,"column":0},"end":{"line":169,"column":118}},"169":{"start":{"line":170,"column":0},"end":{"line":170,"column":12}},"172":{"start":{"line":173,"column":0},"end":{"line":173,"column":34}},"173":{"start":{"line":174,"column":0},"end":{"line":174,"column":65}},"174":{"start":{"line":175,"column":0},"end":{"line":175,"column":60}},"175":{"start":{"line":176,"column":0},"end":{"line":176,"column":11}},"176":{"start":{"line":177,"column":0},"end":{"line":177,"column":12}},"179":{"start":{"line":180,"column":0},"end":{"line":180,"column":22}},"180":{"start":{"line":181,"column":0},"end":{"line":181,"column":24}},"181":{"start":{"line":182,"column":0},"end":{"line":182,"column":10}},"183":{"start":{"line":184,"column":0},"end":{"line":184,"column":2}}},"s":{"0":1,"1":1,"2":1,"3":1,"4":1,"5":1,"6":1,"8":0,"9":0,"10":0,"11":0,"12":0,"14":1,"15":6,"16":6,"17":6,"18":6,"19":6,"21":6,"22":0,"23":0,"24":0,"25":0,"27":6,"29":6,"31":0,"34":0,"36":0,"37":0,"38":0,"39":0,"41":6,"42":0,"43":0,"44":0,"47":6,"48":0,"50":0,"51":0,"52":0,"55":0,"56":0,"57":0,"58":0,"59":0,"60":0,"61":0,"62":0,"63":0,"65":0,"66":0,"67":0,"69":0,"70":0,"71":0,"73":6,"74":0,"75":0,"76":0,"77":0,"78":0,"79":0,"80":0,"82":0,"83":0,"84":0,"85":0,"86":0,"87":0,"88":0,"89":0,"90":0,"91":0,"94":6,"95":0,"97":0,"98":0,"99":0,"100":0,"101":0,"102":0,"104":0,"105":0,"106":0,"107":0,"108":0,"109":0,"110":0,"111":0,"112":0,"113":0,"114":0,"115":0,"116":0,"117":0,"118":0,"119":0,"120":0,"123":0,"124":0,"125":0,"126":0,"128":0,"129":0,"130":0,"132":0,"134":0,"135":0,"136":0,"137":0,"138":0,"139":0,"140":0,"141":0,"142":0,"144":0,"145":0,"147":0,"149":6,"150":0,"152":0,"153":0,"154":0,"155":0,"156":0,"157":0,"158":0,"159":0,"160":0,"162":0,"164":6,"165":6,"167":6,"168":6,"169":6,"172":6,"173":6,"174":0,"175":6,"176":6,"179":6,"180":6,"181":6,"183":6},"branchMap":{"0":{"type":"branch","line":15,"loc":{"start":{"line":15,"column":20},"end":{"line":184,"column":2}},"locations":[{"start":{"line":15,"column":20},"end":{"line":184,"column":2}}]}},"b":{"0":[6]},"fnMap":{"0":{"name":"filterProductos","decl":{"start":{"line":9,"column":0},"end":{"line":13,"column":1}},"loc":{"start":{"line":9,"column":0},"end":{"line":13,"column":1}},"line":9},"1":{"name":"Body","decl":{"start":{"line":15,"column":20},"end":{"line":184,"column":2}},"loc":{"start":{"line":15,"column":20},"end":{"line":184,"column":2}},"line":15},"2":{"name":"agregarAlCarrito","decl":{"start":{"line":22,"column":27},"end":{"line":26,"column":4}},"loc":{"start":{"line":22,"column":27},"end":{"line":26,"column":4}},"line":22},"3":{"name":"calcularTotal","decl":{"start":{"line":28,"column":24},"end":{"line":28,"column":41}},"loc":{"start":{"line":28,"column":24},"end":{"line":28,"column":41}},"line":28},"4":{"name":"pagar","decl":{"start":{"line":30,"column":16},"end":{"line":40,"column":4}},"loc":{"start":{"line":30,"column":16},"end":{"line":40,"column":4}},"line":30},"5":{"name":"vaciarCarrito","decl":{"start":{"line":42,"column":24},"end":{"line":45,"column":4}},"loc":{"start":{"line":42,"column":24},"end":{"line":45,"column":4}},"line":42},"6":{"name":"guardarCompras","decl":{"start":{"line":48,"column":2},"end":{"line":72,"column":3}},"loc":{"start":{"line":48,"column":2},"end":{"line":72,"column":3}},"line":48},"7":{"name":"Producto","decl":{"start":{"line":74,"column":19},"end":{"line":92,"column":10}},"loc":{"start":{"line":74,"column":19},"end":{"line":92,"column":10}},"line":74},"8":{"name":"CarritoPopup","decl":{"start":{"line":95,"column":23},"end":{"line":148,"column":4}},"loc":{"start":{"line":95,"column":23},"end":{"line":148,"column":4}},"line":95},"9":{"name":"PagoExitoPopup","decl":{"start":{"line":150,"column":25},"end":{"line":163,"column":4}},"loc":{"start":{"line":150,"column":25},"end":{"line":163,"column":4}},"line":150},"10":{"name":"onClick","decl":{"start":{"line":169,"column":25},"end":{"line":169,"column":56}},"loc":{"start":{"line":169,"column":25},"end":{"line":169,"column":56}},"line":169}},"f":{"0":0,"1":6,"2":0,"3":0,"4":0,"5":0,"6":0,"7":0,"8":0,"9":0,"10":0}},"C:\\Users\\cachu\\Desktop\\Duoc\\fullstack-2\\Nueva carpeta\\team_19\\src\\components\\layout\\Footer.jsx":{"path":"C:\\Users\\cachu\\Desktop\\Duoc\\fullstack-2\\Nueva carpeta\\team_19\\src\\components\\layout\\Footer.jsx","all":false,"statementMap":{"0":{"start":{"line":1,"column":0},"end":{"line":1,"column":25}},"2":{"start":{"line":3,"column":0},"end":{"line":3,"column":29}},"3":{"start":{"line":4,"column":0},"end":{"line":4,"column":10}},"4":{"start":{"line":5,"column":0},"end":{"line":5,"column":9}},"5":{"start":{"line":6,"column":0},"end":{"line":6,"column":33}},"6":{"start":{"line":7,"column":0},"end":{"line":7,"column":91}},"7":{"start":{"line":8,"column":0},"end":{"line":8,"column":15}},"8":{"start":{"line":9,"column":0},"end":{"line":9,"column":10}},"10":{"start":{"line":11,"column":0},"end":{"line":11,"column":1}}},"s":{"0":1,"2":1,"3":1,"4":1,"5":1,"6":1,"7":1,"8":1,"10":1},"branchMap":{"0":{"type":"branch","line":3,"loc":{"start":{"line":3,"column":22},"end":{"line":11,"column":1}},"locations":[{"start":{"line":3,"column":22},"end":{"line":11,"column":1}}]}},"b":{"0":[1]},"fnMap":{"0":{"name":"Footer","decl":{"start":{"line":3,"column":22},"end":{"line":11,"column":1}},"loc":{"start":{"line":3,"column":22},"end":{"line":11,"column":1}},"line":3}},"f":{"0":1}},"C:\\Users\\cachu\\Desktop\\Duoc\\fullstack-2\\Nueva carpeta\\team_19\\src\\components\\layout\\Header.jsx":{"path":"C:\\Users\\cachu\\Desktop\\Duoc\\fullstack-2\\Nueva carpeta\\team_19\\src\\components\\layout\\Header.jsx","all":false,"statementMap":{"0":{"start":{"line":1,"column":0},"end":{"line":1,"column":39}},"1":{"start":{"line":2,"column":0},"end":{"line":2,"column":50}},"2":{"start":{"line":3,"column":0},"end":{"line":3,"column":42}},"7":{"start":{"line":8,"column":0},"end":{"line":8,"column":29}},"8":{"start":{"line":9,"column":0},"end":{"line":9,"column":67}},"9":{"start":{"line":10,"column":0},"end":{"line":10,"column":61}},"10":{"start":{"line":11,"column":0},"end":{"line":11,"column":44}},"11":{"start":{"line":12,"column":0},"end":{"line":12,"column":15}},"12":{"start":{"line":13,"column":0},"end":{"line":13,"column":12}},"13":{"start":{"line":14,"column":0},"end":{"line":14,"column":14}},"14":{"start":{"line":15,"column":0},"end":{"line":15,"column":17}},"15":{"start":{"line":16,"column":0},"end":{"line":16,"column":23}},"16":{"start":{"line":17,"column":0},"end":{"line":17,"column":4}},"17":{"start":{"line":18,"column":0},"end":{"line":18,"column":46}},"18":{"start":{"line":19,"column":0},"end":{"line":19,"column":19}},"19":{"start":{"line":20,"column":0},"end":{"line":20,"column":21}},"20":{"start":{"line":21,"column":0},"end":{"line":21,"column":4}},"22":{"start":{"line":23,"column":0},"end":{"line":23,"column":39}},"23":{"start":{"line":24,"column":0},"end":{"line":24,"column":22}},"25":{"start":{"line":26,"column":0},"end":{"line":26,"column":47}},"26":{"start":{"line":27,"column":0},"end":{"line":27,"column":3}},"28":{"start":{"line":29,"column":0},"end":{"line":29,"column":36}},"29":{"start":{"line":30,"column":0},"end":{"line":30,"column":22}},"31":{"start":{"line":32,"column":0},"end":{"line":32,"column":45}},"32":{"start":{"line":33,"column":0},"end":{"line":33,"column":3}},"34":{"start":{"line":35,"column":0},"end":{"line":35,"column":36}},"35":{"start":{"line":36,"column":0},"end":{"line":36,"column":36}},"36":{"start":{"line":37,"column":0},"end":{"line":37,"column":26}},"37":{"start":{"line":38,"column":0},"end":{"line":38,"column":14}},"38":{"start":{"line":39,"column":0},"end":{"line":39,"column":19}},"39":{"start":{"line":40,"column":0},"end":{"line":40,"column":7}},"40":{"start":{"line":41,"column":0},"end":{"line":41,"column":3}},"42":{"start":{"line":43,"column":0},"end":{"line":43,"column":41}},"43":{"start":{"line":44,"column":0},"end":{"line":44,"column":36}},"44":{"start":{"line":45,"column":0},"end":{"line":45,"column":27}},"45":{"start":{"line":46,"column":0},"end":{"line":46,"column":14}},"46":{"start":{"line":47,"column":0},"end":{"line":47,"column":19}},"47":{"start":{"line":48,"column":0},"end":{"line":48,"column":7}},"48":{"start":{"line":49,"column":0},"end":{"line":49,"column":3}},"50":{"start":{"line":51,"column":0},"end":{"line":51,"column":10}},"51":{"start":{"line":52,"column":0},"end":{"line":52,"column":28}},"52":{"start":{"line":53,"column":0},"end":{"line":53,"column":30}},"53":{"start":{"line":54,"column":0},"end":{"line":54,"column":13}},"54":{"start":{"line":55,"column":0},"end":{"line":55,"column":26}},"55":{"start":{"line":56,"column":0},"end":{"line":56,"column":21}},"56":{"start":{"line":57,"column":0},"end":{"line":57,"column":23}},"57":{"start":{"line":58,"column":0},"end":{"line":58,"column":24}},"58":{"start":{"line":59,"column":0},"end":{"line":59,"column":21}},"59":{"start":{"line":60,"column":0},"end":{"line":60,"column":10}},"61":{"start":{"line":62,"column":0},"end":{"line":62,"column":53}},"64":{"start":{"line":65,"column":0},"end":{"line":65,"column":31}},"65":{"start":{"line":66,"column":0},"end":{"line":66,"column":41}},"66":{"start":{"line":67,"column":0},"end":{"line":67,"column":43}},"67":{"start":{"line":68,"column":0},"end":{"line":68,"column":70}},"68":{"start":{"line":69,"column":0},"end":{"line":69,"column":47}},"70":{"start":{"line":71,"column":0},"end":{"line":71,"column":55}},"71":{"start":{"line":72,"column":0},"end":{"line":72,"column":23}},"72":{"start":{"line":73,"column":0},"end":{"line":73,"column":30}},"73":{"start":{"line":74,"column":0},"end":{"line":74,"column":30}},"74":{"start":{"line":75,"column":0},"end":{"line":75,"column":32}},"75":{"start":{"line":76,"column":0},"end":{"line":76,"column":41}},"76":{"start":{"line":77,"column":0},"end":{"line":77,"column":46}},"77":{"start":{"line":78,"column":0},"end":{"line":78,"column":18}},"78":{"start":{"line":79,"column":0},"end":{"line":79,"column":64}},"80":{"start":{"line":81,"column":0},"end":{"line":81,"column":49}},"81":{"start":{"line":82,"column":0},"end":{"line":82,"column":23}},"82":{"start":{"line":83,"column":0},"end":{"line":83,"column":30}},"83":{"start":{"line":84,"column":0},"end":{"line":84,"column":27}},"84":{"start":{"line":85,"column":0},"end":{"line":85,"column":29}},"85":{"start":{"line":86,"column":0},"end":{"line":86,"column":38}},"86":{"start":{"line":87,"column":0},"end":{"line":87,"column":46}},"87":{"start":{"line":88,"column":0},"end":{"line":88,"column":18}},"88":{"start":{"line":89,"column":0},"end":{"line":89,"column":61}},"90":{"start":{"line":91,"column":0},"end":{"line":91,"column":53}},"91":{"start":{"line":92,"column":0},"end":{"line":92,"column":23}},"92":{"start":{"line":93,"column":0},"end":{"line":93,"column":31}},"93":{"start":{"line":94,"column":0},"end":{"line":94,"column":29}},"94":{"start":{"line":95,"column":0},"end":{"line":95,"column":31}},"95":{"start":{"line":96,"column":0},"end":{"line":96,"column":40}},"96":{"start":{"line":97,"column":0},"end":{"line":97,"column":46}},"97":{"start":{"line":98,"column":0},"end":{"line":98,"column":18}},"98":{"start":{"line":99,"column":0},"end":{"line":99,"column":63}},"100":{"start":{"line":101,"column":0},"end":{"line":101,"column":61}},"101":{"start":{"line":102,"column":0},"end":{"line":102,"column":23}},"102":{"start":{"line":103,"column":0},"end":{"line":103,"column":34}},"103":{"start":{"line":104,"column":0},"end":{"line":104,"column":32}},"104":{"start":{"line":105,"column":0},"end":{"line":105,"column":34}},"105":{"start":{"line":106,"column":0},"end":{"line":106,"column":43}},"106":{"start":{"line":107,"column":0},"end":{"line":107,"column":46}},"107":{"start":{"line":108,"column":0},"end":{"line":108,"column":18}},"108":{"start":{"line":109,"column":0},"end":{"line":109,"column":66}},"110":{"start":{"line":111,"column":0},"end":{"line":111,"column":78}},"111":{"start":{"line":112,"column":0},"end":{"line":112,"column":23}},"112":{"start":{"line":113,"column":0},"end":{"line":113,"column":34}},"113":{"start":{"line":114,"column":0},"end":{"line":114,"column":39}},"114":{"start":{"line":115,"column":0},"end":{"line":115,"column":41}},"115":{"start":{"line":116,"column":0},"end":{"line":116,"column":50}},"116":{"start":{"line":117,"column":0},"end":{"line":117,"column":46}},"117":{"start":{"line":118,"column":0},"end":{"line":118,"column":18}},"118":{"start":{"line":119,"column":0},"end":{"line":119,"column":73}},"120":{"start":{"line":121,"column":0},"end":{"line":121,"column":74}},"121":{"start":{"line":122,"column":0},"end":{"line":122,"column":21}},"122":{"start":{"line":123,"column":0},"end":{"line":123,"column":22}},"123":{"start":{"line":124,"column":0},"end":{"line":124,"column":39}},"124":{"start":{"line":125,"column":0},"end":{"line":125,"column":59}},"125":{"start":{"line":126,"column":0},"end":{"line":126,"column":15}},"127":{"start":{"line":128,"column":0},"end":{"line":128,"column":23}},"128":{"start":{"line":129,"column":0},"end":{"line":129,"column":18}},"129":{"start":{"line":130,"column":0},"end":{"line":130,"column":16}},"133":{"start":{"line":134,"column":0},"end":{"line":134,"column":28}},"134":{"start":{"line":135,"column":0},"end":{"line":135,"column":41}},"135":{"start":{"line":136,"column":0},"end":{"line":136,"column":43}},"136":{"start":{"line":137,"column":0},"end":{"line":137,"column":83}},"137":{"start":{"line":138,"column":0},"end":{"line":138,"column":39}},"139":{"start":{"line":140,"column":0},"end":{"line":140,"column":58}},"140":{"start":{"line":141,"column":0},"end":{"line":141,"column":23}},"141":{"start":{"line":142,"column":0},"end":{"line":142,"column":31}},"142":{"start":{"line":143,"column":0},"end":{"line":143,"column":34}},"143":{"start":{"line":144,"column":0},"end":{"line":144,"column":36}},"144":{"start":{"line":145,"column":0},"end":{"line":145,"column":46}},"145":{"start":{"line":146,"column":0},"end":{"line":146,"column":51}},"146":{"start":{"line":147,"column":0},"end":{"line":147,"column":27}},"147":{"start":{"line":148,"column":0},"end":{"line":148,"column":18}},"148":{"start":{"line":149,"column":0},"end":{"line":149,"column":68}},"150":{"start":{"line":151,"column":0},"end":{"line":151,"column":66}},"151":{"start":{"line":152,"column":0},"end":{"line":152,"column":23}},"152":{"start":{"line":153,"column":0},"end":{"line":153,"column":34}},"153":{"start":{"line":154,"column":0},"end":{"line":154,"column":37}},"154":{"start":{"line":155,"column":0},"end":{"line":155,"column":39}},"155":{"start":{"line":156,"column":0},"end":{"line":156,"column":49}},"156":{"start":{"line":157,"column":0},"end":{"line":157,"column":51}},"157":{"start":{"line":158,"column":0},"end":{"line":158,"column":27}},"158":{"start":{"line":159,"column":0},"end":{"line":159,"column":18}},"159":{"start":{"line":160,"column":0},"end":{"line":160,"column":71}},"161":{"start":{"line":162,"column":0},"end":{"line":162,"column":53}},"162":{"start":{"line":163,"column":0},"end":{"line":163,"column":21}},"163":{"start":{"line":164,"column":0},"end":{"line":164,"column":22}},"164":{"start":{"line":165,"column":0},"end":{"line":165,"column":39}},"165":{"start":{"line":166,"column":0},"end":{"line":166,"column":56}},"166":{"start":{"line":167,"column":0},"end":{"line":167,"column":15}},"168":{"start":{"line":169,"column":0},"end":{"line":169,"column":23}},"169":{"start":{"line":170,"column":0},"end":{"line":170,"column":18}},"170":{"start":{"line":171,"column":0},"end":{"line":171,"column":16}},"172":{"start":{"line":173,"column":0},"end":{"line":173,"column":12}},"173":{"start":{"line":174,"column":0},"end":{"line":174,"column":10}},"175":{"start":{"line":176,"column":0},"end":{"line":176,"column":1}}},"s":{"0":1,"1":1,"2":1,"7":1,"8":2,"9":2,"10":2,"11":2,"12":2,"13":2,"14":2,"15":2,"16":2,"17":2,"18":2,"19":2,"20":2,"22":2,"23":0,"25":0,"26":0,"28":2,"29":0,"31":0,"32":0,"34":2,"35":0,"36":0,"37":0,"38":0,"39":0,"40":0,"42":2,"43":0,"44":0,
[...]
"start":{"line":10,"column":0},"end":{"line":10,"column":10}},"10":{"start":{"line":11,"column":0},"end":{"line":11,"column":19}},"11":{"start":{"line":12,"column":0},"end":{"line":12,"column":20}},"12":{"start":{"line":13,"column":0},"end":{"line":13,"column":0}},"13":{"start":{"line":14,"column":0},"end":{"line":14,"column":39}},"14":{"start":{"line":15,"column":0},"end":{"line":15,"column":50}},"15":{"start":{"line":16,"column":0},"end":{"line":16,"column":20}},"16":{"start":{"line":17,"column":0},"end":{"line":17,"column":59}},"17":{"start":{"line":18,"column":0},"end":{"line":18,"column":65}},"18":{"start":{"line":19,"column":0},"end":{"line":19,"column":71}},"19":{"start":{"line":20,"column":0},"end":{"line":20,"column":63}},"20":{"start":{"line":21,"column":0},"end":{"line":21,"column":68}},"21":{"start":{"line":22,"column":0},"end":{"line":22,"column":75}},"22":{"start":{"line":23,"column":0},"end":{"line":23,"column":62}},"23":{"start":{"line":24,"column":0},"end":{"line":24,"column":21}},"24":{"start":{"line":25,"column":0},"end":{"line":25,"column":18}},"25":{"start":{"line":26,"column":0},"end":{"line":26,"column":27}},"26":{"start":{"line":27,"column":0},"end":{"line":27,"column":20}},"27":{"start":{"line":28,"column":0},"end":{"line":28,"column":3}},"28":{"start":{"line":29,"column":0},"end":{"line":29,"column":1}}},"s":{"0":0,"1":0,"2":0,"3":0,"4":0,"5":0,"6":0,"7":0,"8":0,"9":0,"10":0,"11":0,"12":0,"13":0,"14":0,"15":0,"16":0,"17":0,"18":0,"19":0,"20":0,"21":0,"22":0,"23":0,"24":0,"25":0,"26":0,"27":0,"28":0},"branchMap":{"0":{"type":"branch","line":1,"loc":{"start":{"line":1,"column":0},"end":{"line":29,"column":1}},"locations":[{"start":{"line":1,"column":0},"end":{"line":29,"column":1}}]}},"b":{"0":[0]},"fnMap":{"0":{"name":"(empty-report)","decl":{"start":{"line":1,"column":0},"end":{"line":29,"column":1}},"loc":{"start":{"line":1,"column":0},"end":{"line":29,"column":1}},"line":1}},"f":{"0":0}},"C:\\Users\\cachu\\Desktop\\Duoc\\fullstack-2\\Nueva carpeta\\team_19\\src\\components\\pages\\Admin_API.jsx":{"path":"C:\\Users\\cachu\\Desktop\\Duoc\\fullstack-2\\Nueva carpeta\\team_19\\src\\components\\pages\\Admin_API.jsx","all":true,"statementMap":{"0":{"start":{"line":1,"column":0},"end":{"line":1,"column":63}},"1":{"start":{"line":2,"column":0},"end":{"line":2,"column":28}},"2":{"start":{"line":3,"column":0},"end":{"line":3,"column":60}},"3":{"start":{"line":4,"column":0},"end":{"line":4,"column":51}},"4":{"start":{"line":5,"column":0},"end":{"line":5,"column":0}},"5":{"start":{"line":6,"column":0},"end":{"line":6,"column":28}},"6":{"start":{"line":7,"column":0},"end":{"line":7,"column":38}},"7":{"start":{"line":8,"column":0},"end":{"line":8,"column":48}},"8":{"start":{"line":9,"column":0},"end":{"line":9,"column":47}},"9":{"start":{"line":10,"column":0},"end":{"line":10,"column":50}},"10":{"start":{"line":11,"column":0},"end":{"line":11,"column":86}},"11":{"start":{"line":12,"column":0},"end":{"line":12,"column":63}},"12":{"start":{"line":13,"column":0},"end":{"line":13,"column":42}},"13":{"start":{"line":14,"column":0},"end":{"line":14,"column":46}},"14":{"start":{"line":15,"column":0},"end":{"line":15,"column":0}},"15":{"start":{"line":16,"column":0},"end":{"line":16,"column":21}},"16":{"start":{"line":17,"column":0},"end":{"line":17,"column":49}},"17":{"start":{"line":18,"column":0},"end":{"line":18,"column":9}},"18":{"start":{"line":19,"column":0},"end":{"line":19,"column":22}},"19":{"start":{"line":20,"column":0},"end":{"line":20,"column":20}},"20":{"start":{"line":21,"column":0},"end":{"line":21,"column":49}},"21":{"start":{"line":22,"column":0},"end":{"line":22,"column":24}},"22":{"start":{"line":23,"column":0},"end":{"line":23,"column":19}},"23":{"start":{"line":24,"column":0},"end":{"line":24,"column":27}},"24":{"start":{"line":25,"column":0},"end":{"line":25,"column":54}},"25":{"start":{"line":26,"column":0},"end":{"line":26,"column":15}},"26":{"start":{"line":27,"column":0},"end":{"line":27,"column":23}},"27":{"start":{"line":28,"column":0},"end":{"line":28,"column":5}},"28":{"start":{"line":29,"column":0},"end":{"line":29,"column":8}},"29":{"start":{"line":30,"column":0},"end":{"line":30,"column":0}},"30":{"start":{"line":31,"column":0},"end":{"line":31,"column":19}},"31":{"start":{"line":32,"column":0},"end":{"line":32,"column":19}},"32":{"start":{"line":33,"column":0},"end":{"line":33,"column":21}},"33":{"start":{"line":34,"column":0},"end":{"line":34,"column":0}},"34":{"start":{"line":35,"column":0},"end":{"line":35,"column":22}},"35":{"start":{"line":36,"column":0},"end":{"line":36,"column":38}},"36":{"start":{"line":37,"column":0},"end":{"line":37,"column":60}},"37":{"start":{"line":38,"column":0},"end":{"line":38,"column":9}},"38":{"start":{"line":39,"column":0},"end":{"line":39,"column":22}},"39":{"start":{"line":40,"column":0},"end":{"line":40,"column":38}},"40":{"start":{"line":41,"column":0},"end":{"line":41,"column":52}},"41":{"start":{"line":42,"column":0},"end":{"line":42,"column":27}},"42":{"start":{"line":43,"column":0},"end":{"line":43,"column":22}},"43":{"start":{"line":44,"column":0},"end":{"line":44,"column":19}},"44":{"start":{"line":45,"column":0},"end":{"line":45,"column":27}},"45":{"start":{"line":46,"column":0},"end":{"line":46,"column":15}},"46":{"start":{"line":47,"column":0},"end":{"line":47,"column":23}},"47":{"start":{"line":48,"column":0},"end":{"line":48,"column":5}},"48":{"start":{"line":49,"column":0},"end":{"line":49,"column":3}},"49":{"start":{"line":50,"column":0},"end":{"line":50,"column":0}},"50":{"start":{"line":51,"column":0},"end":{"line":51,"column":20}},"51":{"start":{"line":52,"column":0},"end":{"line":52,"column":35}},"52":{"start":{"line":53,"column":0},"end":{"line":53,"column":29}},"53":{"start":{"line":54,"column":0},"end":{"line":54,"column":13}},"54":{"start":{"line":55,"column":0},"end":{"line":55,"column":30}},"55":{"start":{"line":56,"column":0},"end":{"line":56,"column":30}},"56":{"start":{"line":57,"column":0},"end":{"line":57,"column":30}},"57":{"start":{"line":58,"column":0},"end":{"line":58,"column":29}},"58":{"start":{"line":59,"column":0},"end":{"line":59,"column":6}},"59":{"start":{"line":60,"column":0},"end":{"line":60,"column":3}},"60":{"start":{"line":61,"column":0},"end":{"line":61,"column":0}},"61":{"start":{"line":62,"column":0},"end":{"line":62,"column":21}},"62":{"start":{"line":63,"column":0},"end":{"line":63,"column":28}},"63":{"start":{"line":64,"column":0},"end":{"line":64,"column":22}},"64":{"start":{"line":65,"column":0},"end":{"line":65,"column":63}},"65":{"start":{"line":66,"column":0},"end":{"line":66,"column":3}},"66":{"start":{"line":67,"column":0},"end":{"line":67,"column":0}},"67":{"start":{"line":68,"column":0},"end":{"line":68,"column":42}},"68":{"start":{"line":69,"column":0},"end":{"line":69,"column":34}},"69":{"start":{"line":70,"column":0},"end":{"line":70,"column":61}},"70":{"start":{"line":71,"column":0},"end":{"line":71,"column":93}},"71":{"start":{"line":72,"column":0},"end":{"line":72,"column":0}},"72":{"start":{"line":73,"column":0},"end":{"line":73,"column":9}},"73":{"start":{"line":74,"column":0},"end":{"line":74,"column":22}},"74":{"start":{"line":75,"column":0},"end":{"line":75,"column":20}},"75":{"start":{"line":76,"column":0},"end":{"line":76,"column":0}},"76":{"start":{"line":77,"column":0},"end":{"line":77,"column":22}},"77":{"start":{"line":78,"column":0},"end":{"line":78,"column":21}},"78":{"start":{"line":79,"column":0},"end":{"line":79,"column":49}},"79":{"start":{"line":80,"column":0},"end":{"line":80,"column":30}},"80":{"start":{"line":81,"column":0},"end":{"line":81,"column":42}},"81":{"start":{"line":82,"column":0},"end":{"line":82,"column":30}},"82":{"start":{"line":83,"column":0},"end":{"line":83,"column":29}},"83":{"start":{"line":84,"column":0},"end":{"line":84,"column":10}},"84":{"start":{"line":85,"column":0},"end":{"line":85,"column":56}},"85":{"start":{"line":86,"column":0},"end":{"line":86,"column":14}},"86":{"start":{"line":87,"column":0},"end":{"line":87,"column":16}},"87":{"start":{"line":88,"column":0},"end":{"line":88,"column":38}},"88":{"start":{"line":89,"column":0},"end":{"line":89,"column":30}},"89":{"start":{"line":90,"column":0},"end":{"line":90,"column":42}},"90":{"start":{"line":91,"column":0},"end":{"line":91,"column":30}},"91":{"start":{"line":92,"column":0},"end":{"line":92,"column":29}},"92":{"start":{"line":93,"column":0},"end":{"line":93,"column":10}},"93":{"start":{"line":94,"column":0},"end":{"line":94,"column":51}},"94":{"start":{"line":95,"column":0},"end":{"line":95,"column":7}},"95":{"start":{"line":96,"column":0},"end":{"line":96,"column":0}},"96":{"start":{"line":97,"column":0},"end":{"line":97,"column":27}},"97":{"start":{"line":98,"column":0},"end":{"line":98,"column":22}},"98":{"start":{"line":99,"column":0},"end":{"line":99,"column":18}},"99":{"start":{"line":100,"column":0},"end":{"line":100,"column":31}},"100":{"start":{"line":101,"column":0},"end":{"line":101,"column":19}},"101":{"start":{"line":102,"column":0},"end":{"line":102,"column":27}},"102":{"start":{"line":103,"column":0},"end":{"line":103,"column":15}},"103":{"start":{"line":104,"column":0},"end":{"line":104,"column":23}},"104":{"start":{"line":105,"column":0},"end":{"line":105,"column":5}},"105":{"start":{"line":106,"column":0},"end":{"line":106,"column":3}},"106":{"start":{"line":107,"column":0},"end":{"line":107,"column":0}},"107":{"start":{"line":108,"column":0},"end":{"line":108,"column":35}},"108":{"start":{"line":109,"column":0},"end":{"line":109,"column":16}},"109":{"start":{"line":110,"column":0},"end":{"line":110,"column":28}},"110":{"start":{"line":111,"column":0},"end":{"line":111,"column":3}},"111":{"start":{"line":112,"column":0},"end":{"line":112,"column":0}},"112":{"start":{"line":113,"column":0},"end":{"line":113,"column":10}},"113":{"start":{"line":114,"column":0},"end":{"line":114,"column":37}},"114":{"start":{"line":115,"column":0},"end":{"line":115,"column":50}},"115":{"start":{"line":116,"column":0},"end":{"line":116,"column":0}},"116":{"start":{"line":117,"column":0},"end":{"line":117,"column":61}},"117":{"start":{"line":118,"column":0},"end":{"line":118,"column":67}},"118":{"start":{"line":119,"column":0},"end":{"line":119,"column":0}},"119":{"start":{"line":120,"column":0},"end":{"line":120,"column":61}},"120":{"start":{"line":121,"column":0},"end":{"line":121,"column":0}},"121":{"start":{"line":122,"column":0},"end":{"line":122,"column":84}},"122":{"start":{"line":123,"column":0},"end":{"line":123,"column":30}},"123":{"start":{"line":124,"column":0},"end":{"line":124,"column":15}},"124":{"start":{"line":125,"column":0},"end":{"line":125,"column":0}},"125":{"start":{"line":126,"column":0},"end":{"line":126,"column":27}},"126":{"start":{"line":127,"column":0},"end":{"line":127,"column":37}},"127":{"start":{"line":128,"column":0},"end":{"line":128,"column":41}},"128":{"start":{"line":129,"column":0},"end":{"line":129,"column":77}},"129":{"start":{"line":130,"column":0},"end":{"line":130,"column":18}},"130":{"start":{"line":131,"column":0},"end":{"line":131,"column":25}},"131":{"start":{"line":132,"column":0},"end":{"line":132,"column":47}},"132":{"start":{"line":133,"column":0},"end":{"line":133,"column":33}},"133":{"start":{"line":134,"column":0},"end":{"line":134,"column":76}},"134":{"start":{"line":135,"column":0},"end":{"line":135,"column":14}},"135":{"start":{"line":136,"column":0},"end":{"line":136,"column":18}},"136":{"start":{"line":137,"column":0},"end":{"line":137,"column":27}},"137":{"start":{"line":138,"column":0},"end":{"line":138,"column":34}},"138":{"start":{"line":139,"column":0},"end":{"line":139,"column":33}},"139":{"start":{"line":140,"column":0},"end":{"line":140,"column":76}},"140":{"start":{"line":141,"column":0},"end":{"line":141,"column":25}},"141":{"start":{"line":142,"column":0},"end":{"line":142,"column":21}},"142":{"start":{"line":143,"column":0},"end":{"line":143,"column":14}},"143":{"start":{"line":144,"column":0},"end":{"line":144,"column":18}},"144":{"start":{"line":145,"column":0},"end":{"line":145,"column":25}},"145":{"start":{"line":146,"column":0},"end":{"line":146,"column":41}},"146":{"start":{"line":147,"column":0},"end":{"line":147,"column":33}},"147":{"start":{"line":148,"column":0},"end":{"line":148,"column":76}},"148":{"start":{"line":149,"column":0},"end":{"line":149,"column":14}},"149":{"start":{"line":150,"column":0},"end":{"line":150,"column":18}},"150":{"start":{"line":151,"column":0},"end":{"line":151,"column":25}},"151":{"start":{"line":152,"column":0},"end":{"line":152,"column":45}},"152":{"start":{"line":153,"column":0},"end":{"line":153,"column":33}},"153":{"start":{"line":154,"column":0},"end":{"line":154,"column":76}},"154":{"start":{"line":155,"column":0},"end":{"line":155,"column":14}},"155":{"start":{"line":156,"column":0},"end":{"line":156,"column":43}},"156":{"start":{"line":157,"column":0},"end":{"line":157,"column":83}},"157":{"start":{"line":158,"column":0},"end":{"line":158,"column":52}},"158":{"start":{"line":159,"column":0},"end":{"line":159,"column":23}},"159":{"start":{"line":160,"column":0},"end":{"line":160,"column":125}},"160":{"start":{"line":161,"column":0},"end":{"line":161,"column":24}},"161":{"start":{"line":162,"column":0},"end":{"line":162,"column":23}},"162":{"start":{"line":163,"column":0},"end":{"line":163,"column":18}},"163":{"start":{"line":164,"column":0},"end":{"line":164,"column":16}},"164":{"start":{"line":165,"column":0},"end":{"line":165,"column":14}},"165":{"start":{"line":166,"column":0},"end":{"line":166,"column":8}},"166":{"start":{"line":167,"column":0},"end":{"line":167,"column":0}},"167":{"start":{"line":168,"column":0},"end":{"line":168,"column":46}},"168":{"start":{"line":169,"column":0},"end":{"line":169,"column":42}},"169":{"start":{"line":170,"column":0},"end":{"line":170,"column":17}},"170":{"start":{"line":171,"column":0},"end":{"line":171,"column":16}},"171":{"start":{"line":172,"column":0},"end":{"line":172,"column":25}},"172":{"start":{"line":173,"column":0},"end":{"line":173,"column":29}},"173":{"start":{"line":174,"column":0},"end":{"line":174,"column":29}},"174":{"start":{"line":175,"column":0},"end":{"line":175,"column":29}},"175":{"start":{"line":176,"column":0},"end":{"line":176,"column":29}},"176":{"start":{"line":177,"column":0},"end":{"line":177,"column":31}},"177":{"start":{"line":178,"column":0},"end":{"line":178,"column":17}},"178":{"start":{"line":179,"column":0},"end":{"line":179,"column":18}},"179":{"start":{"line":180,"column":0},"end":{"line":180,"column":17}},"180":{"start":{"line":181,"column":0},"end":{"line":181,"column":42}},"181":{"start":{"line":182,"column":0},"end":{"line":182,"column":36}},"182":{"start":{"line":183,"column":0},"end":{"line":183,"column":38}},"183":{"start":{"line":184,"column":0},"end":{"line":184,"column":42}},"184":{"start":{"line":185,"column":0},"end":{"line":185,"column":43}},"185":{"start":{"line":186,"column":0},"end":{"line":186,"column":43}},"186":{"start":{"line":187,"column":0},"end":{"line":187,"column":39}},"187":{"start":{"line":188,"column":0},"end":{"line":188,"column":97}},"188":{"start":{"line":189,"column":0},"end":{"line":189,"column":20}},"189":{"start":{"line":190,"column":0},"end":{"line":190,"column":21}},"190":{"start":{"line":191,"column":0},"end":{"line":191,"column":42}},"191":{"start":{"line":192,"column":0},"end":{"line":192,"column":47}},"192":{"start":{"line":193,"column":0},"end":{"line":193,"column":25}},"193":{"start":{"line":194,"column":0},"end":{"line":194,"column":40}},"194":{"start":{"line":195,"column":0},"end":{"line":195,"column":36}},"195":{"start":{"line":196,"column":0},"end":{"line":196,"column":41}},"196":{"start":{"line":197,"column":0},"end":{"line":197,"column":46}},"197":{"start":{"line":198,"column":0},"end":{"line":198,"column":22}},"198":{"start":{"line":199,"column":0},"end":{"line":199,"column":38}},"199":{"start":{"line":200,"column":0},"end":{"line":200,"column":19}},"200":{"start":{"line":201,"column":0},"end":{"line":201,"column":26}},"201":{"start":{"line":202,"column":0},"end":{"line":202,"column":27}},"202":{"start":{"line":203,"column":0},"end":{"line":203,"column":25}},"203":{"start":{"line":204,"column":0},"end":{"line":204,"column":42}},"204":{"start":{"line":205,"column":0},"end":{"line":205,"column":61}},"205":{"start":{"line":206,"column":0},"end":{"line":206,"column":38}},"206":{"start":{"line":207,"column":0},"end":{"line":207,"column":19}},"207":{"start":{"line":208,"column":0},"end":{"line":208,"column":28}},"208":{"start":{"line":209,"column":0},"end":{"line":209,"column":27}},"209":{"start":{"line":210,"column":0},"end":{"line":210,"column":21}},"210":{"start":{"line":211,"column":0},"end":{"line":211,"column":19}},"211":{"start":{"line":212,"column":0},"end":{"line":212,"column":15}},"212":{"start":{"line":213,"column":0},"end":{"line":213,"column":18}},"213":{"start":{"line":214,"column":0},"end":{"line":214,"column":16}},"214":{"start":{"line":215,"column":0},"end":{"line":215,"column":12}},"215":{"start":{"line":216,"column":0},"end":{"line":216,"column":0}},"216":{"start":{"line":217,"column":0},"end":{"line":217,"column":46}},"217":{"start":{"line":218,"column":0},"end":{"line":218,"column":37}},"218":{"start":{"line":219,"column":0},"end":{"line":219,"column":52}},"219":{"start":{"line":220,"column":0},"end":{"line":220,"column":14}},"220":{"start":{"line":221,"column":0},"end":{"line":221,"column":8}},"221":{"start":{"line":222,"column":0},"end":{"line":222,"column":10}},"222":{"start":{"line":223,"column":0},"end":{"line":223,"column":3}},"223":{"start":{"line":224,"column":0},"end":{"line":224,"column":1}},"224":{"start":{"line":225,"column":0},"end":{"line":225,"column":0}},"225":{"start":{"line":226,"column":0},"end":{"line":226,"column":20}}},"s":{"0":0,"1":0,"2":0,"3":0,"4":0,"5":0,"6":0,"7":0,"8":0,"9":0,"10":0,"11":0,"12":0,"13":0,"14":0,"15":0,"16":0,"17":0,"18":0,"19":0,"20":0,"21":0,"22":0,"23":0,"24":0,"25":0,"26":0,"27":0,"28":0,"29":0,"30":0,"31":0,"32":0,"33":0,"34":0,"35":0,"36":0,"37":0,"38":0,"39":0,"40":0,"41":0,"42":0,"43":0,"44":0,"45":0,"46":0,"47":0,"48":0,"49":0,"50":0,"51":0,"52":0,"53":0,"54":0,"55":0,"56":0,"57":0,"58":0,"59":0,"60":0,"61":0,"62":0,"63":0,"64":0,"65":0,"66":0,"67":0,"68":0,"69":0,"70":0,"71":0,"72":0,"73":0,"74":0,"75":0,"76":0,"77":0,"78":0,"79":0,"80":0,"81":0,"82":0,"83":0,"84":0,"85":0,"86":0,"87":0,"88":0,"89":0,"90":0,"91":0,"92":0,"93":0,"94":0,"95":0,"96":0,"97":0,"98":0,"99":0,"100":0,"101":0,"102":0,"103":0,"104":0,"105":0,"106":0,"107":0,"108":0,"109":0,"110":0,"111":0,"112":0,"113":0,"114":0,"115":0,"116":0,"117":0,"118":0,"119":0,"120":0,"121":0,"122":0,"123":0,"124":0,"125":0,"126":0,"127":0,"128":0,"129":0,"130":0,"131":0,"132":0,"133":0,"134":0,"135":0,"136":0,"137":0,"138":0,"139":0,"140":0,"141":0,"142":0,"143":0,"144":0,"145":0,"146":0,"147":0,"148":0,"149":0,"150":0,"151":0,"152":0,"153":0,"154":0,"155":0,"156":0,"157":0,"158":0,"159":0,"160":0,"161":0,"162":0,"163":0,"164":0,"165":0,"166":0,"167":0,"168":0,"169":0,"170":0,"171":0,"172":0,"173":0,"174":0,"175":0,"176":0,"177":0,"178":0,"179":0,"180":0,"181":0,"182":0,"183":0,"184":0,"185":0,"186":0,"187":0,"188":0,"189":0,"190":0,"191":0,"192":0,"193":0,"194":0,"195":0,"196":0,"197":0,"198":0,"199":0,"200":0,"201":0,"202":0,"203":0,"204":0,"205":0,"206":0,"207":0,"208":0,"209":0,"210":0,"211":0,"212":0,"213":0,"214":0,"215":0,"216":0,"217":0,"218":0,"219":0,"220":0,"221":0,"222":0,"223":0,"224":0,"225":0},"branchMap":{"0":{"type":"branch","line":1,"loc":{"start":{"line":1,"column":0},"end":{"line":226,"column":20}},"locations":[{"start":{"line":1,"column":0},"end":{"line":226,"column":20}}]}},"b":{"0":[0]},"fnMap":{"0":{"name":"(empty-report)","decl":{"start":{"line":1,"column":0},"end":{"line":226,"column":20}},"loc":{"start":{"line":1,"column":0},"end":{"line":226,"column":20}},"line":1}},"f":{"0":0}}}}