TN:
SF:src\App.jsx
FN:16,App
FN:24,onLogout
FNF:2
FNH:1
FNDA:1,App
FNDA:0,onLogout
DA:2,1
DA:3,1
DA:4,1
DA:5,1
DA:6,1
DA:7,1
DA:8,1
DA:9,1
DA:10,1
DA:11,1
DA:12,1
DA:13,1
DA:14,1
DA:16,1
DA:17,1
DA:18,1
DA:20,1
DA:21,1
DA:22,1
DA:23,1
DA:24,1
DA:26,1
DA:27,1
DA:28,1
DA:30,1
DA:31,1
DA:32,1
DA:33,1
DA:34,1
DA:35,1
DA:36,1
DA:37,1
DA:38,1
DA:39,1
DA:40,1
DA:41,1
DA:42,1
DA:43,1
DA:45,1
DA:47,1
LF:40
LH:40
BRDA:16,0,0,1
BRDA:35,1,0,0
BRDA:35,2,0,0
BRDA:36,3,0,0
BRDA:36,4,0,0
BRDA:37,5,0,0
BRDA:37,6,0,0
BRF:7
BRH:1
end_of_record
TN:
SF:src\components\layout\Body.jsx
FN:49,normalize
FN:57,filterProductos
FN:64,getImagenUrl
FN:102,Body
FN:108,agregarAlCarrito
FN:124,calcularTotal
FN:128,pagar
FN:134,vaciarCarrito
FN:139,Producto
FN:145,onClick
FN:161,CarritoPopup
FN:200,onClick
FN:214,onClick
FN:246,onClick
FN:249,onClick
FN:252,onClick
FN:256,onClick
FN:269,PagoExitoPopup
FN:302,onClick
FNF:19
FNH:15
FNDA:28784,normalize
FNDA:7,filterProductos
FNDA:210,getImagenUrl
FNDA:7,Body
FNDA:1,agregarAlCarrito
FNDA:2,calcularTotal
FNDA:1,pagar
FNDA:1,vaciarCarrito
FNDA:210,Producto
FNDA:1,onClick
FNDA:7,CarritoPopup
FNDA:1,onClick
FNDA:0,onClick
FNDA:1,onClick
FNDA:0,onClick
FNDA:0,onClick
FNDA:0,onClick
FNDA:7,PagoExitoPopup
FNDA:1,onClick
DA:1,1
DA:2,1
DA:4,1
DA:5,1
DA:6,1
DA:7,1
DA:8,1
DA:9,1
DA:10,1
DA:11,1
DA:12,1
DA:13,1
DA:14,1
DA:15,1
DA:16,1
DA:17,1
DA:18,1
DA:19,1
DA:20,1
DA:21,1
DA:22,1
DA:23,1
DA:24,1
DA:25,1
DA:26,1
DA:27,1
DA:28,1
DA:29,1
DA:30,1
DA:31,1
DA:32,1
DA:33,1
DA:34,1
DA:35,1
DA:38,1
DA:41,1
DA:42,1
DA:43,2056
DA:44,2056
DA:45,2056
DA:46,2056
DA:49,28784
DA:50,28784
DA:51,28784
DA:52,28784
DA:53,28784
DA:54,28784
DA:55,28784
DA:57,7
DA:58,7
DA:59,0
DA:60,0
DA:61,0
DA:64,210
DA:65,210
DA:68,210
DA:69,210
DA:73,210
DA:76,35
DA:77,210
DA:78,105
DA:79,105
DA:82,35
DA:83,35
DA:84,210
DA:87,28
DA:88,28
DA:89,28
DA:90,28756
DA:91,28756
DA:92,28756
DA:93,28
DA:94,28
DA:95,28756
DA:96,0
DA:99,0
DA:100,0
DA:102,1
DA:103,7
DA:104,7
DA:105,7
DA:106,7
DA:108,7
DA:109,1
DA:110,1
DA:112,1
DA:113,1
DA:114,1
DA:115,0
DA:116,0
DA:117,0
DA:118,1
DA:119,1
DA:120,1
DA:121,1
DA:122,1
DA:124,7
DA:125,2
DA:126,2
DA:128,7
DA:129,1
DA:130,1
DA:131,1
DA:132,1
DA:134,7
DA:135,1
DA:136,1
DA:137,1
DA:139,7
DA:140,210
DA:141,210
DA:142,210
DA:143,210
DA:144,210
DA:145,210
DA:146,210
DA:147,210
DA:149,210
DA:150,210
DA:151,210
DA:152,210
DA:153,210
DA:154,210
DA:155,210
DA:156,210
DA:157,210
DA:158,210
DA:161,7
DA:162,7
DA:164,2
DA:165,2
DA:166,2
DA:167,2
DA:168,2
DA:169,0
DA:171,2
DA:172,2
DA:173,2
DA:174,2
DA:175,2
DA:176,2
DA:177,2
DA:178,2
DA:179,2
DA:180,2
DA:181,2
DA:182,2
DA:183,2
DA:184,2
DA:185,2
DA:186,2
DA:187,2
DA:188,2
DA:189,2
DA:190,2
DA:191,2
DA:192,2
DA:193,2
DA:196,7
DA:197,1
DA:198,1
DA:199,1
DA:200,1
DA:201,1
DA:202,1
DA:203,1
DA:204,1
DA:205,1
DA:206,1
DA:207,1
DA:208,1
DA:209,1
DA:211,1
DA:213,1
DA:214,1
DA:215,1
DA:216,1
DA:217,1
DA:218,1
DA:219,1
DA:220,1
DA:221,1
DA:222,1
DA:224,1
DA:225,1
DA:226,1
DA:227,1
DA:228,1
DA:229,1
DA:230,1
DA:231,1
DA:232,1
DA:233,1
DA:234,1
DA:235,1
DA:236,1
DA:237,1
DA:239,1
DA:241,1
DA:243,1
DA:244,1
DA:245,1
DA:246,1
DA:248,1
DA:249,1
DA:251,1
DA:252,1
DA:254,1
DA:255,1
DA:256,1
DA:257,1
DA:258,1
DA:260,1
DA:261,1
DA:262,1
DA:264,7
DA:265,7
DA:267,7
DA:269,7
DA:270,7
DA:272,1
DA:273,1
DA:274,1
DA:275,1
DA:276,1
DA:277,1
DA:278,1
DA:279,1
DA:280,1
DA:281,1
DA:282,1
DA:283,1
DA:284,1
DA:285,1
DA:286,1
DA:287,1
DA:288,1
DA:289,1
DA:291,1
DA:292,1
DA:293,1
DA:295,7
DA:297,7
DA:298,7
DA:300,7
DA:301,7
DA:302,7
DA:303,7
DA:304,7
DA:305,7
DA:306,7
DA:307,7
DA:308,7
DA:309,7
DA:310,7
DA:311,7
DA:312,7
DA:313,7
DA:314,7
DA:315,7
DA:316,7
DA:319,7
DA:320,7
DA:321,210
DA:322,7
DA:323,7
DA:326,7
DA:327,7
DA:328,7
DA:330,7
LF:270
LH:260
BRDA:42,0,0,2056
BRDA:49,1,0,28784
BRDA:57,2,0,7
BRDA:58,3,0,0
BRDA:64,4,0,210
BRDA:65,5,0,0
BRDA:73,6,0,175
BRDA:73,7,0,35
BRDA:77,8,0,105
BRDA:78,9,0,0
BRDA:79,10,0,35
BRDA:84,11,0,7
BRDA:84,12,0,28
BRDA:89,13,0,28756
BRDA:92,14,0,28
BRDA:95,15,0,0
BRDA:96,16,0,0
BRDA:83,17,0,28791
BRDA:102,18,0,7
BRDA:108,19,0,1
BRDA:110,20,0,0
BRDA:109,21,0,1
BRDA:112,22,0,1
BRDA:114,23,0,0
BRDA:124,24,0,2
BRDA:125,25,0,2
BRDA:128,26,0,1
BRDA:134,27,0,1
BRDA:139,28,0,210
BRDA:145,29,0,1
BRDA:161,30,0,7
BRDA:162,31,0,5
BRDA:162,32,0,6
BRDA:162,33,0,2
BRDA:168,34,0,0
BRDA:169,35,0,2
BRDA:196,36,0,1
BRDA:224,37,0,0
BRDA:241,38,0,1
BRDA:173,39,0,2
BRDA:200,40,0,1
BRDA:246,41,0,1
BRDA:269,42,0,7
BRDA:270,43,0,6
BRDA:270,44,0,1
BRDA:302,45,0,1
BRDA:314,46,0,4
BRDA:320,47,0,210
BRF:48
BRH:39
end_of_record
TN:
SF:src\components\layout\Footer.jsx
FN:3,Footer
FNF:1
FNH:1
FNDA:2,Footer
DA:1,1
DA:3,1
DA:4,2
DA:5,2
DA:6,2
DA:7,2
DA:8,2
DA:9,2
DA:11,2
LF:9
LH:9
BRDA:3,0,0,2
BRF:1
BRH:1
end_of_record
TN:
SF:src\components\layout\Header.jsx
FN:8,Header
FN:23,handleRegisterSubmit
FN:29,handleLoginSubmit
FN:35,handleInputChange
FN:43,handleLoginInputChange
FN:125,onClick
FN:166,onClick
FNF:7
FNH:1
FNDA:2,Header
FNDA:0,handleRegisterSubmit
FNDA:0,handleLoginSubmit
FNDA:0,handleInputChange
FNDA:0,handleLoginInputChange
FNDA:0,onClick
FNDA:0,onClick
DA:1,1
DA:2,1
DA:3,1
DA:8,1
DA:9,2
DA:10,2
DA:11,2
DA:12,2
DA:13,2
DA:14,2
DA:15,2
DA:16,2
DA:17,2
DA:18,2
DA:19,2
DA:20,2
DA:21,2
DA:23,2
DA:24,0
DA:26,0
DA:27,0
DA:29,2
DA:30,0
DA:32,0
DA:33,0
DA:35,2
DA:36,0
DA:37,0
DA:38,0
DA:39,0
DA:40,0
DA:41,0
DA:43,2
DA:44,0
DA:45,0
DA:46,0
DA:47,0
DA:48,0
DA:49,0
DA:51,2
DA:52,2
DA:53,2
DA:54,2
DA:55,2
DA:56,2
DA:57,2
DA:58,2
DA:59,2
DA:60,2
DA:62,2
DA:65,2
DA:66,0
DA:67,0
DA:68,0
DA:69,0
DA:71,0
DA:72,0
DA:73,0
DA:74,0
DA:75,0
DA:76,0
DA:77,0
DA:78,0
DA:79,0
DA:81,0
DA:82,0
DA:83,0
DA:84,0
DA:85,0
DA:86,0
DA:87,0
DA:88,0
DA:89,0
DA:91,0
DA:92,0
DA:93,0
DA:94,0
DA:95,0
DA:96,0
DA:97,0
DA:98,0
DA:99,0
DA:101,0
DA:102,0
DA:103,0
DA:104,0
DA:105,0
DA:106,0
DA:107,0
DA:108,0
DA:109,0
DA:111,0
DA:112,0
DA:113,0
DA:114,0
DA:115,0
DA:116,0
DA:117,0
DA:118,0
DA:119,0
DA:121,0
DA:122,0
DA:123,0
DA:124,0
DA:125,0
DA:126,0
DA:128,0
DA:129,0
DA:130,0
DA:134,2
DA:135,0
DA:136,0
DA:137,0
DA:138,0
DA:140,0
DA:141,0
DA:142,0
DA:143,0
DA:144,0
DA:145,0
DA:146,0
DA:147,0
DA:148,0
DA:149,0
DA:151,0
DA:152,0
DA:153,0
DA:154,0
DA:155,0
DA:156,0
DA:157,0
DA:158,0
DA:159,0
DA:160,0
DA:162,0
DA:163,0
DA:164,0
DA:165,0
DA:166,0
DA:167,0
DA:169,0
DA:170,0
DA:171,0
DA:173,2
DA:174,2
DA:176,2
LF:146
LH:37
BRDA:8,0,0,2
BRDA:65,1,0,0
BRDA:134,2,0,0
BRF:3
BRH:1
end_of_record
TN:
SF:src\components\layout\Lateral.jsx
FN:3,Lateral
FNF:1
FNH:1
FNDA:1,Lateral
DA:1,1
DA:3,1
DA:4,1
DA:5,1
DA:7,1
LF:5
LH:5
BRDA:3,0,0,1
BRF:1
BRH:1
end_of_record
TN:
SF:src\components\layout\Nav.jsx
FN:5,Nav
FN:12,emitSearch
FN:21,getStoredUsers
FN:29,saveStoredUsers
FN:37,className
FN:39,className
FN:40,className
FN:41,className
FN:44,className
FN:45,className
FN:46,className
FN:52,onSubmit
FN:58,onChange
FN:64,onClick
FN:66,onClick
FN:70,onClick
FN:80,onClose
FN:80,onRegister
FN:92,onClick
FN:100,onSubmit
FN:121,onChange
FN:123,onChange
FN:125,onClick
FN:135,RegistroForm
FN:141,validarEmail
FN:143,handleSubmit
FN:157,onChange
FN:159,onChange
FN:161,onChange
FN:163,onChange
FNF:30
FNH:22
FNDA:63,Nav
FNDA:9,emitSearch
FNDA:3,getStoredUsers
FNDA:1,saveStoredUsers
FNDA:63,className
FNDA:63,className
FNDA:63,className
FNDA:63,className
FNDA:0,className
FNDA:0,className
FNDA:0,className
FNDA:0,onSubmit
FNDA:9,onChange
FNDA:1,onClick
FNDA:2,onClick
FNDA:0,onClick
FNDA:1,onClose
FNDA:1,onRegister
FNDA:0,onClick
FNDA:2,onSubmit
FNDA:33,onChange
FNDA:11,onChange
FNDA:0,onClick
FNDA:31,RegistroForm
FNDA:1,validarEmail
FNDA:1,handleSubmit
FNDA:6,onChange
FNDA:18,onChange
FNDA:6,onChange
FNDA:0,onChange
DA:1,1
DA:2,1
DA:3,1
DA:5,1
DA:6,63
DA:7,63
DA:8,63
DA:9,63
DA:10,63
DA:12,63
DA:13,9
DA:14,9
DA:15,9
DA:16,9
DA:17,9
DA:18,9
DA:21,63
DA:22,3
DA:23,3
DA:24,3
DA:25,3
DA:26,0
DA:27,0
DA:28,3
DA:29,63
DA:33,63
DA:34,63
DA:35,63
DA:37,63
DA:39,63
DA:40,63
DA:41,63
DA:42,63
DA:43,0
DA:44,0
DA:45,0
DA:46,0
DA:47,0
DA:49,63
DA:51,63
DA:52,63
DA:53,63
DA:54,63
DA:55,63
DA:56,63
DA:57,63
DA:58,63
DA:59,63
DA:60,63
DA:61,63
DA:63,63
DA:64,63
DA:65,63
DA:66,63
DA:68,0
DA:69,0
DA:70,0
DA:71,0
DA:73,63
DA:74,63
DA:76,63
DA:77,1
DA:78,1
DA:79,1
DA:80,1
DA:81,1
DA:83,1
DA:84,0
DA:85,0
DA:86,0
DA:87,1
DA:88,1
DA:89,1
DA:90,1
DA:91,1
DA:92,1
DA:93,1
DA:94,1
DA:96,63
DA:97,46
DA:98,46
DA:99,46
DA:100,46
DA:101,2
DA:103,2
DA:104,2
DA:105,2
DA:106,1
DA:107,1
DA:108,1
DA:109,1
DA:112,2
DA:113,1
DA:114,1
DA:115,1
DA:116,1
DA:118,0
DA:119,2
DA:120,46
DA:121,46
DA:122,46
DA:123,46
DA:124,46
DA:125,46
DA:126,46
DA:127,46
DA:128,46
DA:130,63
DA:132,63
DA:135,31
DA:136,31
DA:137,31
DA:138,31
DA:139,31
DA:141,31
DA:143,31
DA:144,1
DA:145,1
DA:146,1
DA:147,1
DA:149,1
DA:150,1
DA:151,1
DA:152,1
DA:154,31
DA:155,31
DA:156,31
DA:157,31
DA:158,31
DA:159,31
DA:160,31
DA:161,31
DA:162,31
DA:163,31
DA:164,31
DA:165,31
DA:166,31
DA:167,31
DA:168,31
DA:169,31
DA:171,31
LF:141
LH:126
BRDA:5,0,0,63
BRDA:42,1,0,0
BRDA:42,2,0,0
BRDA:66,3,0,0
BRDA:76,4,0,1
BRDA:96,5,0,46
BRDA:12,6,0,9
BRDA:16,7,0,0
BRDA:21,8,0,3
BRDA:24,9,0,1
BRDA:24,10,0,2
BRDA:25,11,0,0
BRDA:29,12,0,1
BRDA:37,13,0,63
BRDA:37,14,0,0
BRDA:39,15,0,63
BRDA:39,16,0,0
BRDA:40,17,0,63
BRDA:40,18,0,0
BRDA:41,19,0,63
BRDA:41,20,0,0
BRDA:58,21,0,9
BRDA:64,22,0,1
BRDA:66,23,0,2
BRDA:80,24,0,1
BRDA:80,25,0,1
BRDA:83,26,0,0
BRDA:100,27,0,2
BRDA:105,28,0,1
BRDA:112,29,0,1
BRDA:116,30,0,0
BRDA:104,31,0,1
BRDA:121,32,0,33
BRDA:123,33,0,11
BRDA:135,34,0,31
BRDA:141,35,0,1
BRDA:143,36,0,1
BRDA:145,37,0,0
BRDA:146,38,0,0
BRDA:147,39,0,0
BRDA:157,40,0,6
BRDA:159,41,0,18
BRDA:161,42,0,6
BRF:43
BRH:29
end_of_record
TN:
SF:src\components\pages\Admin.jsx
FN:3,Admin
FN:13,save
FN:18,handleDelete
FN:24,startEdit
FN:29,cancelEdit
FN:34,submitEdit
FN:43,addUser
FN:75,onClick
FN:76,onClick
FN:87,onChange
FN:89,onChange
FN:91,onChange
FN:93,onChange
FNF:13
FNH:12
FNDA:49,Admin
FNDA:3,save
FNDA:1,handleDelete
FNDA:1,startEdit
FNDA:1,cancelEdit
FNDA:1,submitEdit
FNDA:1,addUser
FNDA:1,onClick
FNDA:1,onClick
FNDA:15,onChange
FNDA:18,onChange
FNDA:8,onChange
FNDA:0,onChange
DA:1,1
DA:3,1
DA:4,49
DA:5,49
DA:6,49
DA:8,49
DA:9,2
DA:10,2
DA:11,49
DA:13,49
DA:14,3
DA:15,3
DA:16,3
DA:18,49
DA:19,1
DA:20,1
DA:21,1
DA:22,1
DA:24,49
DA:25,1
DA:26,1
DA:27,1
DA:29,49
DA:30,1
DA:31,1
DA:32,1
DA:34,49
DA:36,1
DA:37,1
DA:38,1
DA:39,1
DA:40,1
DA:41,1
DA:43,49
DA:44,1
DA:45,1
DA:46,1
DA:47,1
DA:48,1
DA:49,1
DA:50,1
DA:51,1
DA:53,49
DA:54,49
DA:55,49
DA:56,49
DA:57,49
DA:58,49
DA:59,49
DA:60,49
DA:61,49
DA:62,49
DA:63,49
DA:64,49
DA:65,49
DA:66,49
DA:67,49
DA:68,49
DA:69,49
DA:70,12
DA:71,12
DA:72,12
DA:73,12
DA:74,12
DA:75,12
DA:76,12
DA:77,12
DA:78,12
DA:79,49
DA:80,49
DA:81,49
DA:82,49
DA:84,49
DA:85,49
DA:86,49
DA:87,49
DA:88,49
DA:89,49
DA:90,49
DA:91,49
DA:92,49
DA:93,49
DA:94,49
DA:95,49
DA:96,49
DA:97,10
DA:98,10
DA:99,10
DA:100,10
DA:102,39
DA:104,49
DA:105,49
DA:106,49
DA:107,49
DA:109,49
LF:95
LH:95
BRDA:3,0,0,49
BRDA:85,1,0,10
BRDA:85,2,0,39
BRDA:96,3,0,10
BRDA:100,4,0,39
BRDA:8,5,0,2
BRDA:10,6,0,0
BRDA:13,7,0,3
BRDA:18,8,0,1
BRDA:19,9,0,0
BRDA:20,10,0,1
BRDA:24,11,0,1
BRDA:26,12,0,0
BRDA:29,13,0,1
BRDA:34,14,0,1
BRDA:36,15,0,0
BRDA:37,16,0,0
BRDA:38,17,0,1
BRDA:38,18,0,0
BRDA:38,19,0,0
BRDA:43,20,0,1
BRDA:44,21,0,0
BRDA:45,22,0,0
BRDA:46,23,0,0
BRDA:47,24,0,0
BRDA:69,25,0,12
BRDA:73,26,0,0
BRDA:75,27,0,1
BRDA:76,28,0,1
BRDA:87,29,0,15
BRDA:87,30,0,15
BRDA:89,31,0,18
BRDA:89,32,0,18
BRDA:91,33,0,8
BRDA:91,34,0,8
BRF:35
BRH:23
end_of_record
TN:
SF:src\components\pages\Biblioteca.jsx
FN:3,Biblioteca
FNF:1
FNH:1
FNDA:1,Biblioteca
DA:1,1
DA:3,1
DA:4,1
DA:5,1
DA:7,1
LF:5
LH:5
BRDA:3,0,0,1
BRF:1
BRH:1
end_of_record
TN:
SF:src\components\pages\Busqueda.jsx
FN:3,Busqueda
FNF:1
FNH:1
FNDA:1,Busqueda
DA:1,1
DA:3,1
DA:4,1
DA:5,1
DA:7,1
LF:5
LH:5
BRDA:3,0,0,1
BRF:1
BRH:1
end_of_record
TN:
SF:src\components\pages\Carrito.jsx
FN:3,Carrito
FNF:1
FNH:1
FNDA:1,Carrito
DA:1,1
DA:3,1
DA:4,1
DA:5,1
DA:7,1
LF:5
LH:5
BRDA:3,0,0,1
BRF:1
BRH:1
end_of_record
TN:
SF:src\components\pages\Crear.jsx
FN:3,Crear
FNF:1
FNH:1
FNDA:1,Crear
DA:1,1
DA:3,1
DA:4,1
DA:5,1
DA:7,1
LF:5
LH:5
BRDA:3,0,0,1
BRF:1
BRH:1
end_of_record
TN:
SF:src\components\pages\Editar.jsx
FN:3,Editar
FNF:1
FNH:1
FNDA:1,Editar
DA:1,1
DA:3,1
DA:4,1
DA:5,1
DA:7,1
LF:5
LH:5
BRDA:3,0,0,1
BRF:1
BRH:1
end_of_record
TN:
SF:src\components\pages\Inicio.jsx
FN:4,Inicio
FNF:1
FNH:1
FNDA:3,Inicio
DA:2,1
DA:4,1
DA:5,3
DA:6,3
DA:8,3
LF:5
LH:5
BRDA:4,0,0,3
BRF:1
BRH:1
end_of_record
TN:
SF:src\routing\Rutas.jsx
FN:1,(empty-report)
FNF:1
FNH:0
FNDA:0,(empty-report)
DA:1,0
DA:2,0
DA:3,0
DA:4,0
DA:5,0
DA:7,0
DA:8,0
DA:9,0
DA:13,0
DA:14,0
DA:15,0
DA:16,0
DA:17,0
DA:18,0
DA:19,0
DA:20,0
DA:21,0
DA:23,0
DA:25,0
LF:19
LH:0
BRDA:1,0,0,0
BRF:1
BRH:0
end_of_record
